
  .   ____          _            __ _ _
 /\\ / ___'_ __ _ _(_)_ __  __ _ \ \ \ \
( ( )\___ | '_ | '_| | '_ \/ _` | \ \ \ \
 \\/  ___)| |_)| | | | | || (_| |  ) ) ) )
  '  |____| .__|_| |_|_| |_\__, | / / / /
 =========|_|==============|___/=/_/_/_/

 :: Spring Boot ::                (v3.5.0)

2026-06-05T11:43:54.989+05:00  INFO 59660 --- [agriculture-service] [           main] c.c.c.ConfigServicePropertySourceLocator : Fetching config from server at : http://localhost:8888
2026-06-05T11:43:55.573+05:00  INFO 59660 --- [agriculture-service] [           main] c.c.c.ConfigServicePropertySourceLocator : Located environment: name=agriculture-service, profiles=[default], label=null, version=null, state=null
2026-06-05T11:43:55.577+05:00  INFO 59660 --- [agriculture-service] [           main] b.c.PropertySourceBootstrapConfiguration : Located property source: [BootstrapPropertySource {name='bootstrapProperties-configClient'}, BootstrapPropertySource {name='bootstrapProperties-classpath:/configs/agriculture-service.yml'}, BootstrapPropertySource {name='bootstrapProperties-classpath:/configs/application.yml'}]
2026-06-05T11:43:55.646+05:00  INFO 59660 --- [agriculture-service] [           main] c.m.a.AgricultureServiceApplication      : No active profile set, falling back to 1 default profile: "default"
2026-06-05T11:43:59.925+05:00  INFO 59660 --- [agriculture-service] [           main] .s.d.r.c.RepositoryConfigurationDelegate : Bootstrapping Spring Data JPA repositories in DEFAULT mode.
2026-06-05T11:44:01.010+05:00  INFO 59660 --- [agriculture-service] [           main] .s.d.r.c.RepositoryConfigurationDelegate : Finished Spring Data repository scanning in 1046 ms. Found 3 JPA repository interfaces.
2026-06-05T11:44:02.471+05:00  INFO 59660 --- [agriculture-service] [           main] o.s.cloud.context.scope.GenericScope     : BeanFactory id=8ce0f148-ebb8-343d-9bcc-99e4152ba075
2026-06-05T11:44:04.731+05:00  INFO 59660 --- [agriculture-service] [           main] o.s.b.w.embedded.tomcat.TomcatWebServer  : Tomcat initialized with port 8086 (http)
2026-06-05T11:44:04.813+05:00  INFO 59660 --- [agriculture-service] [           main] o.apache.catalina.core.StandardService   : Starting service [Tomcat]
2026-06-05T11:44:04.814+05:00  INFO 59660 --- [agriculture-service] [           main] o.apache.catalina.core.StandardEngine    : Starting Servlet engine: [Apache Tomcat/10.1.41]
2026-06-05T11:44:04.917+05:00  INFO 59660 --- [agriculture-service] [           main] o.a.c.c.C.[Tomcat].[localhost].[/]       : Initializing Spring embedded WebApplicationContext
2026-06-05T11:44:04.919+05:00  INFO 59660 --- [agriculture-service] [           main] w.s.c.ServletWebServerApplicationContext : Root WebApplicationContext: initialization completed in 9238 ms
2026-06-05T11:44:05.684+05:00 DEBUG 59660 --- [agriculture-service] [           main] c.m.common.security.HeaderAuthFilter     : Filter 'headerAuthFilter' configured for use
2026-06-05T11:44:06.179+05:00  INFO 59660 --- [agriculture-service] [           main] o.hibernate.jpa.internal.util.LogHelper  : HHH000204: Processing PersistenceUnitInfo [name: default]
2026-06-05T11:44:16.037+05:00  INFO 59660 --- [agriculture-service] [           main] org.hibernate.Version                    : HHH000412: Hibernate ORM core version 6.6.15.Final
2026-06-05T11:44:16.212+05:00  INFO 59660 --- [agriculture-service] [           main] o.h.c.internal.RegionFactoryInitiator    : HHH000026: Second-level cache disabled
2026-06-05T11:44:17.607+05:00  INFO 59660 --- [agriculture-service] [           main] o.s.o.j.p.SpringPersistenceUnitInfo      : No LoadTimeWeaver setup: ignoring JPA class transformer
2026-06-05T11:44:17.768+05:00  INFO 59660 --- [agriculture-service] [           main] com.zaxxer.hikari.HikariDataSource       : HikariPool-1 - Starting...
2026-06-05T11:44:18.559+05:00  INFO 59660 --- [agriculture-service] [           main] com.zaxxer.hikari.pool.HikariPool        : HikariPool-1 - Added connection com.mysql.cj.jdbc.ConnectionImpl@6cb43fd3
2026-06-05T11:44:18.564+05:00  INFO 59660 --- [agriculture-service] [           main] com.zaxxer.hikari.HikariDataSource       : HikariPool-1 - Start completed.
2026-06-05T11:44:18.691+05:00  WARN 59660 --- [agriculture-service] [           main] org.hibernate.orm.deprecation            : HHH90000025: MySQL8Dialect does not need to be specified explicitly using 'hibernate.dialect' (remove the property setting and it will be selected by default)
2026-06-05T11:44:18.694+05:00  WARN 59660 --- [agriculture-service] [           main] org.hibernate.orm.deprecation            : HHH90000026: MySQL8Dialect has been deprecated; use org.hibernate.dialect.MySQLDialect instead
2026-06-05T11:44:18.776+05:00  INFO 59660 --- [agriculture-service] [           main] org.hibernate.orm.connections.pooling    : HHH10001005: Database info:
	Database JDBC URL [Connecting through datasource 'HikariDataSource (HikariPool-1)']
	Database driver: undefined/unknown
	Database version: 8.0
	Autocommit mode: undefined/unknown
	Isolation level: undefined/unknown
	Minimum pool size: undefined/unknown
	Maximum pool size: undefined/unknown
2026-06-05T11:44:24.637+05:00  INFO 59660 --- [agriculture-service] [           main] o.h.e.t.j.p.i.JtaPlatformInitiator       : HHH000489: No JTA platform available (set 'hibernate.transaction.jta.platform' to enable JTA platform integration)
2026-06-05T11:44:24.778+05:00  INFO 59660 --- [agriculture-service] [           main] j.LocalContainerEntityManagerFactoryBean : Initialized JPA EntityManagerFactory for persistence unit 'default'
2026-06-05T11:44:26.647+05:00  WARN 59660 --- [agriculture-service] [           main] .s.s.UserDetailsServiceAutoConfiguration : 

Using generated security password: c9a6c418-5ea4-47c4-b022-e5835d3ebbc3

This generated password is for development use only. Your security configuration must be updated before running your application in production.

2026-06-05T11:44:26.679+05:00  INFO 59660 --- [agriculture-service] [           main] r$InitializeUserDetailsManagerConfigurer : Global AuthenticationManager configured with UserDetailsService bean with name inMemoryUserDetailsManager
2026-06-05T11:44:27.963+05:00  INFO 59660 --- [agriculture-service] [           main] o.s.b.a.e.web.EndpointLinksResolver      : Exposing 3 endpoints beneath base path '/actuator'
2026-06-05T11:44:30.120+05:00  INFO 59660 --- [agriculture-service] [           main] DiscoveryClientOptionalArgsConfiguration : Eureka HTTP Client uses RestTemplate.
2026-06-05T11:44:30.500+05:00  WARN 59660 --- [agriculture-service] [           main] iguration$LoadBalancerCaffeineWarnLogger : Spring Cloud LoadBalancer is currently working with the default cache. While this cache implementation is useful for development and tests, it's recommended to use Caffeine cache in production.You can switch to using Caffeine cache, by adding it and org.springframework.cache.caffeine.CaffeineCacheManager to the classpath.
2026-06-05T11:44:30.719+05:00  INFO 59660 --- [agriculture-service] [           main] o.s.c.n.eureka.InstanceInfoFactory       : Setting initial instance status as: STARTING
2026-06-05T11:44:30.855+05:00  INFO 59660 --- [agriculture-service] [           main] com.netflix.discovery.DiscoveryClient    : Initializing Eureka in region us-east-1
2026-06-05T11:44:30.871+05:00  INFO 59660 --- [agriculture-service] [           main] c.n.d.s.r.aws.ConfigClusterResolver      : Resolving eureka endpoints via configuration
2026-06-05T11:44:30.912+05:00  INFO 59660 --- [agriculture-service] [           main] com.netflix.discovery.DiscoveryClient    : Disable delta property : false
2026-06-05T11:44:30.914+05:00  INFO 59660 --- [agriculture-service] [           main] com.netflix.discovery.DiscoveryClient    : Single vip registry refresh property : null
2026-06-05T11:44:30.915+05:00  INFO 59660 --- [agriculture-service] [           main] com.netflix.discovery.DiscoveryClient    : Force full registry fetch : false
2026-06-05T11:44:30.916+05:00  INFO 59660 --- [agriculture-service] [           main] com.netflix.discovery.DiscoveryClient    : Application is null : false
2026-06-05T11:44:30.917+05:00  INFO 59660 --- [agriculture-service] [           main] com.netflix.discovery.DiscoveryClient    : Registered Applications size is zero : true
2026-06-05T11:44:30.918+05:00  INFO 59660 --- [agriculture-service] [           main] com.netflix.discovery.DiscoveryClient    : Application version is -1: true
2026-06-05T11:44:30.918+05:00  INFO 59660 --- [agriculture-service] [           main] com.netflix.discovery.DiscoveryClient    : Getting all instance registry info from the eureka server
2026-06-05T11:44:33.267+05:00  INFO 59660 --- [agriculture-service] [           main] com.netflix.discovery.DiscoveryClient    : The response status is 200
2026-06-05T11:44:33.274+05:00  INFO 59660 --- [agriculture-service] [           main] com.netflix.discovery.DiscoveryClient    : Starting heartbeat executor: renew interval is: 30
2026-06-05T11:44:33.282+05:00  INFO 59660 --- [agriculture-service] [           main] c.n.discovery.InstanceInfoReplicator     : InstanceInfoReplicator onDemand update allowed rate per min is 4
2026-06-05T11:44:33.288+05:00  INFO 59660 --- [agriculture-service] [           main] com.netflix.discovery.DiscoveryClient    : Discovery Client initialized at timestamp 1780641873286 with initial instances count: 4
2026-06-05T11:44:33.302+05:00  INFO 59660 --- [agriculture-service] [           main] o.s.c.n.e.s.EurekaServiceRegistry        : Registering application AGRICULTURE-SERVICE with eureka with status UP
2026-06-05T11:44:33.304+05:00  INFO 59660 --- [agriculture-service] [           main] com.netflix.discovery.DiscoveryClient    : Saw local status change event StatusChangeEvent [timestamp=1780641873304, current=UP, previous=STARTING]
2026-06-05T11:44:33.323+05:00  INFO 59660 --- [agriculture-service] [foReplicator-%d] com.netflix.discovery.DiscoveryClient    : DiscoveryClient_AGRICULTURE-SERVICE/YDU7000424LT.mshome.net:agriculture-service:8086: registering service...
2026-06-05T11:44:33.545+05:00  INFO 59660 --- [agriculture-service] [foReplicator-%d] com.netflix.discovery.DiscoveryClient    : DiscoveryClient_AGRICULTURE-SERVICE/YDU7000424LT.mshome.net:agriculture-service:8086 - registration status: 204
2026-06-05T11:44:33.586+05:00  INFO 59660 --- [agriculture-service] [           main] o.s.b.w.embedded.tomcat.TomcatWebServer  : Tomcat started on port 8086 (http) with context path '/'
2026-06-05T11:44:33.590+05:00  INFO 59660 --- [agriculture-service] [           main] .s.c.n.e.s.EurekaAutoServiceRegistration : Updating port to 8086
2026-06-05T11:44:33.704+05:00  INFO 59660 --- [agriculture-service] [           main] c.m.a.AgricultureServiceApplication      : Started AgricultureServiceApplication in 43.898 seconds (process running for 46.093)
2026-06-05T11:49:30.923+05:00  INFO 59660 --- [agriculture-service] [rap-executor-%d] c.n.d.s.r.aws.ConfigClusterResolver      : Resolving eureka endpoints via configuration
2026-06-05T11:54:30.926+05:00  INFO 59660 --- [agriculture-service] [rap-executor-%d] c.n.d.s.r.aws.ConfigClusterResolver      : Resolving eureka endpoints via configuration
2026-06-05T11:59:30.928+05:00  INFO 59660 --- [agriculture-service] [rap-executor-%d] c.n.d.s.r.aws.ConfigClusterResolver      : Resolving eureka endpoints via configuration
2026-06-05T12:04:30.930+05:00  INFO 59660 --- [agriculture-service] [rap-executor-%d] c.n.d.s.r.aws.ConfigClusterResolver      : Resolving eureka endpoints via configuration
2026-06-05T12:09:30.931+05:00  INFO 59660 --- [agriculture-service] [rap-executor-%d] c.n.d.s.r.aws.ConfigClusterResolver      : Resolving eureka endpoints via configuration
2026-06-05T12:14:30.932+05:00  INFO 59660 --- [agriculture-service] [rap-executor-%d] c.n.d.s.r.aws.ConfigClusterResolver      : Resolving eureka endpoints via configuration
2026-06-05T12:19:30.936+05:00  INFO 59660 --- [agriculture-service] [rap-executor-%d] c.n.d.s.r.aws.ConfigClusterResolver      : Resolving eureka endpoints via configuration
2026-06-05T12:24:30.939+05:00  INFO 59660 --- [agriculture-service] [rap-executor-%d] c.n.d.s.r.aws.ConfigClusterResolver      : Resolving eureka endpoints via configuration
2026-06-05T12:29:30.940+05:00  INFO 59660 --- [agriculture-service] [rap-executor-%d] c.n.d.s.r.aws.ConfigClusterResolver      : Resolving eureka endpoints via configuration
2026-06-05T13:00:39.381+05:00  WARN 59660 --- [agriculture-service] [l-1:housekeeper] com.zaxxer.hikari.pool.HikariPool        : HikariPool-1 - Thread starvation or clock leap detected (housekeeper delta=26m50s564ms961µs600ns).
2026-06-05T13:00:51.507+05:00  INFO 59660 --- [agriculture-service] [rap-executor-%d] c.n.d.s.r.aws.ConfigClusterResolver      : Resolving eureka endpoints via configuration
