
  .   ____          _            __ _ _
 /\\ / ___'_ __ _ _(_)_ __  __ _ \ \ \ \
( ( )\___ | '_ | '_| | '_ \/ _` | \ \ \ \
 \\/  ___)| |_)| | | | | || (_| |  ) ) ) )
  '  |____| .__|_| |_|_| |_\__, | / / / /
 =========|_|==============|___/=/_/_/_/

 :: Spring Boot ::                (v3.5.0)

2026-06-05T11:44:45.186+05:00  INFO 43964 --- [analytics-service] [           main] c.c.c.ConfigServicePropertySourceLocator : Fetching config from server at : http://localhost:8888
2026-06-05T11:44:47.388+05:00  INFO 43964 --- [analytics-service] [           main] c.c.c.ConfigServicePropertySourceLocator : Located environment: name=analytics-service, profiles=[default], label=null, version=null, state=null
2026-06-05T11:44:47.393+05:00  INFO 43964 --- [analytics-service] [           main] b.c.PropertySourceBootstrapConfiguration : Located property source: [BootstrapPropertySource {name='bootstrapProperties-configClient'}, BootstrapPropertySource {name='bootstrapProperties-classpath:/configs/analytics-service.yml'}, BootstrapPropertySource {name='bootstrapProperties-classpath:/configs/application.yml'}]
2026-06-05T11:44:47.448+05:00  INFO 43964 --- [analytics-service] [           main] c.m.a.AnalyticsServiceApplication        : No active profile set, falling back to 1 default profile: "default"
2026-06-05T11:44:52.105+05:00  INFO 43964 --- [analytics-service] [           main] .s.d.r.c.RepositoryConfigurationDelegate : Bootstrapping Spring Data JPA repositories in DEFAULT mode.
2026-06-05T11:44:52.919+05:00  INFO 43964 --- [analytics-service] [           main] .s.d.r.c.RepositoryConfigurationDelegate : Finished Spring Data repository scanning in 774 ms. Found 4 JPA repository interfaces.
2026-06-05T11:44:54.182+05:00  INFO 43964 --- [analytics-service] [           main] o.s.cloud.context.scope.GenericScope     : BeanFactory id=237f43c4-d82a-330e-a80d-fd397c96da5b
2026-06-05T11:44:56.476+05:00  INFO 43964 --- [analytics-service] [           main] o.s.b.w.embedded.tomcat.TomcatWebServer  : Tomcat initialized with port 8090 (http)
2026-06-05T11:44:56.546+05:00  INFO 43964 --- [analytics-service] [           main] o.apache.catalina.core.StandardService   : Starting service [Tomcat]
2026-06-05T11:44:56.547+05:00  INFO 43964 --- [analytics-service] [           main] o.apache.catalina.core.StandardEngine    : Starting Servlet engine: [Apache Tomcat/10.1.41]
2026-06-05T11:44:56.694+05:00  INFO 43964 --- [analytics-service] [           main] o.a.c.c.C.[Tomcat].[localhost].[/]       : Initializing Spring embedded WebApplicationContext
2026-06-05T11:44:56.697+05:00  INFO 43964 --- [analytics-service] [           main] w.s.c.ServletWebServerApplicationContext : Root WebApplicationContext: initialization completed in 9126 ms
2026-06-05T11:44:57.452+05:00 DEBUG 43964 --- [analytics-service] [           main] c.m.common.security.HeaderAuthFilter     : Filter 'headerAuthFilter' configured for use
2026-06-05T11:44:58.114+05:00  INFO 43964 --- [analytics-service] [           main] o.hibernate.jpa.internal.util.LogHelper  : HHH000204: Processing PersistenceUnitInfo [name: default]
2026-06-05T11:44:58.370+05:00  INFO 43964 --- [analytics-service] [           main] org.hibernate.Version                    : HHH000412: Hibernate ORM core version 6.6.15.Final
2026-06-05T11:44:58.511+05:00  INFO 43964 --- [analytics-service] [           main] o.h.c.internal.RegionFactoryInitiator    : HHH000026: Second-level cache disabled
2026-06-05T11:44:59.516+05:00  INFO 43964 --- [analytics-service] [           main] o.s.o.j.p.SpringPersistenceUnitInfo      : No LoadTimeWeaver setup: ignoring JPA class transformer
2026-06-05T11:44:59.641+05:00  INFO 43964 --- [analytics-service] [           main] com.zaxxer.hikari.HikariDataSource       : HikariPool-1 - Starting...
2026-06-05T11:45:00.235+05:00  INFO 43964 --- [analytics-service] [           main] com.zaxxer.hikari.pool.HikariPool        : HikariPool-1 - Added connection com.mysql.cj.jdbc.ConnectionImpl@6003eb60
2026-06-05T11:45:00.241+05:00  INFO 43964 --- [analytics-service] [           main] com.zaxxer.hikari.HikariDataSource       : HikariPool-1 - Start completed.
2026-06-05T11:45:00.387+05:00  WARN 43964 --- [analytics-service] [           main] org.hibernate.orm.deprecation            : HHH90000025: MySQL8Dialect does not need to be specified explicitly using 'hibernate.dialect' (remove the property setting and it will be selected by default)
2026-06-05T11:45:00.391+05:00  WARN 43964 --- [analytics-service] [           main] org.hibernate.orm.deprecation            : HHH90000026: MySQL8Dialect has been deprecated; use org.hibernate.dialect.MySQLDialect instead
2026-06-05T11:45:00.450+05:00  INFO 43964 --- [analytics-service] [           main] org.hibernate.orm.connections.pooling    : HHH10001005: Database info:
	Database JDBC URL [Connecting through datasource 'HikariDataSource (HikariPool-1)']
	Database driver: undefined/unknown
	Database version: 8.0
	Autocommit mode: undefined/unknown
	Isolation level: undefined/unknown
	Minimum pool size: undefined/unknown
	Maximum pool size: undefined/unknown
2026-06-05T11:45:04.383+05:00  INFO 43964 --- [analytics-service] [           main] o.h.e.t.j.p.i.JtaPlatformInitiator       : HHH000489: No JTA platform available (set 'hibernate.transaction.jta.platform' to enable JTA platform integration)
2026-06-05T11:45:04.595+05:00  INFO 43964 --- [analytics-service] [           main] j.LocalContainerEntityManagerFactoryBean : Initialized JPA EntityManagerFactory for persistence unit 'default'
2026-06-05T11:45:06.125+05:00  WARN 43964 --- [analytics-service] [           main] .s.s.UserDetailsServiceAutoConfiguration : 

Using generated security password: 56e9577f-1844-4105-964d-0e1973ac28e4

This generated password is for development use only. Your security configuration must be updated before running your application in production.

2026-06-05T11:45:06.144+05:00  INFO 43964 --- [analytics-service] [           main] r$InitializeUserDetailsManagerConfigurer : Global AuthenticationManager configured with UserDetailsService bean with name inMemoryUserDetailsManager
2026-06-05T11:45:07.227+05:00  INFO 43964 --- [analytics-service] [           main] o.s.b.a.e.web.EndpointLinksResolver      : Exposing 3 endpoints beneath base path '/actuator'
2026-06-05T11:45:08.236+05:00  INFO 43964 --- [analytics-service] [           main] DiscoveryClientOptionalArgsConfiguration : Eureka HTTP Client uses RestTemplate.
2026-06-05T11:45:08.333+05:00  WARN 43964 --- [analytics-service] [           main] iguration$LoadBalancerCaffeineWarnLogger : Spring Cloud LoadBalancer is currently working with the default cache. While this cache implementation is useful for development and tests, it's recommended to use Caffeine cache in production.You can switch to using Caffeine cache, by adding it and org.springframework.cache.caffeine.CaffeineCacheManager to the classpath.
2026-06-05T11:45:08.551+05:00  INFO 43964 --- [analytics-service] [           main] o.s.c.n.eureka.InstanceInfoFactory       : Setting initial instance status as: STARTING
2026-06-05T11:45:08.618+05:00  INFO 43964 --- [analytics-service] [           main] com.netflix.discovery.DiscoveryClient    : Initializing Eureka in region us-east-1
2026-06-05T11:45:08.627+05:00  INFO 43964 --- [analytics-service] [           main] c.n.d.s.r.aws.ConfigClusterResolver      : Resolving eureka endpoints via configuration
2026-06-05T11:45:08.645+05:00  INFO 43964 --- [analytics-service] [           main] com.netflix.discovery.DiscoveryClient    : Disable delta property : false
2026-06-05T11:45:08.646+05:00  INFO 43964 --- [analytics-service] [           main] com.netflix.discovery.DiscoveryClient    : Single vip registry refresh property : null
2026-06-05T11:45:08.647+05:00  INFO 43964 --- [analytics-service] [           main] com.netflix.discovery.DiscoveryClient    : Force full registry fetch : false
2026-06-05T11:45:08.647+05:00  INFO 43964 --- [analytics-service] [           main] com.netflix.discovery.DiscoveryClient    : Application is null : false
2026-06-05T11:45:08.648+05:00  INFO 43964 --- [analytics-service] [           main] com.netflix.discovery.DiscoveryClient    : Registered Applications size is zero : true
2026-06-05T11:45:08.648+05:00  INFO 43964 --- [analytics-service] [           main] com.netflix.discovery.DiscoveryClient    : Application version is -1: true
2026-06-05T11:45:08.648+05:00  INFO 43964 --- [analytics-service] [           main] com.netflix.discovery.DiscoveryClient    : Getting all instance registry info from the eureka server
2026-06-05T11:45:09.332+05:00  INFO 43964 --- [analytics-service] [           main] com.netflix.discovery.DiscoveryClient    : The response status is 200
2026-06-05T11:45:09.338+05:00  INFO 43964 --- [analytics-service] [           main] com.netflix.discovery.DiscoveryClient    : Starting heartbeat executor: renew interval is: 30
2026-06-05T11:45:09.342+05:00  INFO 43964 --- [analytics-service] [           main] c.n.discovery.InstanceInfoReplicator     : InstanceInfoReplicator onDemand update allowed rate per min is 4
2026-06-05T11:45:09.346+05:00  INFO 43964 --- [analytics-service] [           main] com.netflix.discovery.DiscoveryClient    : Discovery Client initialized at timestamp 1780641909345 with initial instances count: 10
2026-06-05T11:45:09.355+05:00  INFO 43964 --- [analytics-service] [           main] o.s.c.n.e.s.EurekaServiceRegistry        : Registering application ANALYTICS-SERVICE with eureka with status UP
2026-06-05T11:45:09.356+05:00  INFO 43964 --- [analytics-service] [           main] com.netflix.discovery.DiscoveryClient    : Saw local status change event StatusChangeEvent [timestamp=1780641909356, current=UP, previous=STARTING]
2026-06-05T11:45:09.360+05:00  INFO 43964 --- [analytics-service] [foReplicator-%d] com.netflix.discovery.DiscoveryClient    : DiscoveryClient_ANALYTICS-SERVICE/YDU7000424LT.mshome.net:analytics-service:8090: registering service...
2026-06-05T11:45:09.403+05:00  INFO 43964 --- [analytics-service] [           main] o.s.b.w.embedded.tomcat.TomcatWebServer  : Tomcat started on port 8090 (http) with context path '/'
2026-06-05T11:45:09.404+05:00  INFO 43964 --- [analytics-service] [           main] .s.c.n.e.s.EurekaAutoServiceRegistration : Updating port to 8090
2026-06-05T11:45:09.442+05:00  INFO 43964 --- [analytics-service] [foReplicator-%d] com.netflix.discovery.DiscoveryClient    : DiscoveryClient_ANALYTICS-SERVICE/YDU7000424LT.mshome.net:analytics-service:8090 - registration status: 204
2026-06-05T11:45:09.455+05:00  INFO 43964 --- [analytics-service] [           main] c.m.a.AnalyticsServiceApplication        : Started AnalyticsServiceApplication in 33.55 seconds (process running for 38.083)
2026-06-05T11:50:08.653+05:00  INFO 43964 --- [analytics-service] [rap-executor-%d] c.n.d.s.r.aws.ConfigClusterResolver      : Resolving eureka endpoints via configuration
2026-06-05T11:55:08.657+05:00  INFO 43964 --- [analytics-service] [rap-executor-%d] c.n.d.s.r.aws.ConfigClusterResolver      : Resolving eureka endpoints via configuration
2026-06-05T12:00:08.661+05:00  INFO 43964 --- [analytics-service] [rap-executor-%d] c.n.d.s.r.aws.ConfigClusterResolver      : Resolving eureka endpoints via configuration
2026-06-05T12:05:08.663+05:00  INFO 43964 --- [analytics-service] [rap-executor-%d] c.n.d.s.r.aws.ConfigClusterResolver      : Resolving eureka endpoints via configuration
2026-06-05T12:10:08.670+05:00  INFO 43964 --- [analytics-service] [rap-executor-%d] c.n.d.s.r.aws.ConfigClusterResolver      : Resolving eureka endpoints via configuration
