
  .   ____          _            __ _ _
 /\\ / ___'_ __ _ _(_)_ __  __ _ \ \ \ \
( ( )\___ | '_ | '_| | '_ \/ _` | \ \ \ \
 \\/  ___)| |_)| | | | | || (_| |  ) ) ) )
  '  |____| .__|_| |_|_| |_\__, | / / / /
 =========|_|==============|___/=/_/_/_/

 :: Spring Boot ::                (v3.5.0)

2026-06-05T11:43:34.624+05:00  INFO 38700 --- [api-gateway] [           main] c.c.c.ConfigServicePropertySourceLocator : Fetching config from server at : http://localhost:8888
2026-06-05T11:43:35.749+05:00  INFO 38700 --- [api-gateway] [           main] c.c.c.ConfigServicePropertySourceLocator : Located environment: name=api-gateway, profiles=[default], label=null, version=null, state=null
2026-06-05T11:43:35.752+05:00  INFO 38700 --- [api-gateway] [           main] b.c.PropertySourceBootstrapConfiguration : Located property source: [BootstrapPropertySource {name='bootstrapProperties-configClient'}, BootstrapPropertySource {name='bootstrapProperties-classpath:/configs/application.yml'}]
2026-06-05T11:43:35.874+05:00  INFO 38700 --- [api-gateway] [           main] c.myplus.gateway.ApiGatewayApplication   : No active profile set, falling back to 1 default profile: "default"
2026-06-05T11:43:46.076+05:00  INFO 38700 --- [api-gateway] [           main] o.s.cloud.context.scope.GenericScope     : BeanFactory id=44c17341-2f59-3300-af3d-68485c44a51a
2026-06-05T11:43:48.857+05:00  INFO 38700 --- [api-gateway] [           main] ctiveUserDetailsServiceAutoConfiguration : 

Using generated security password: a977573a-baeb-4d1d-812d-e145f443ec67

2026-06-05T11:43:50.846+05:00  WARN 38700 --- [api-gateway] [           main] GatewayClassPathWarningAutoConfiguration : 

**********************************************************

The artifact spring-cloud-gateway-server is deprecated. It will be removed in the next major release. Please add spring-cloud-gateway-server-webflux dependency.

**********************************************************


2026-06-05T11:43:51.979+05:00  INFO 38700 --- [api-gateway] [           main] o.s.cloud.commons.util.InetUtils         : Cannot determine local hostname
2026-06-05T11:44:03.200+05:00  INFO 38700 --- [api-gateway] [           main] o.s.c.g.r.RouteDefinitionRouteLocator    : Loaded RoutePredicateFactory [After]
2026-06-05T11:44:03.201+05:00  INFO 38700 --- [api-gateway] [           main] o.s.c.g.r.RouteDefinitionRouteLocator    : Loaded RoutePredicateFactory [Before]
2026-06-05T11:44:03.202+05:00  INFO 38700 --- [api-gateway] [           main] o.s.c.g.r.RouteDefinitionRouteLocator    : Loaded RoutePredicateFactory [Between]
2026-06-05T11:44:03.203+05:00  INFO 38700 --- [api-gateway] [           main] o.s.c.g.r.RouteDefinitionRouteLocator    : Loaded RoutePredicateFactory [Cookie]
2026-06-05T11:44:03.204+05:00  INFO 38700 --- [api-gateway] [           main] o.s.c.g.r.RouteDefinitionRouteLocator    : Loaded RoutePredicateFactory [Header]
2026-06-05T11:44:03.204+05:00  INFO 38700 --- [api-gateway] [           main] o.s.c.g.r.RouteDefinitionRouteLocator    : Loaded RoutePredicateFactory [Host]
2026-06-05T11:44:03.205+05:00  INFO 38700 --- [api-gateway] [           main] o.s.c.g.r.RouteDefinitionRouteLocator    : Loaded RoutePredicateFactory [Method]
2026-06-05T11:44:03.205+05:00  INFO 38700 --- [api-gateway] [           main] o.s.c.g.r.RouteDefinitionRouteLocator    : Loaded RoutePredicateFactory [Path]
2026-06-05T11:44:03.206+05:00  INFO 38700 --- [api-gateway] [           main] o.s.c.g.r.RouteDefinitionRouteLocator    : Loaded RoutePredicateFactory [Query]
2026-06-05T11:44:03.207+05:00  INFO 38700 --- [api-gateway] [           main] o.s.c.g.r.RouteDefinitionRouteLocator    : Loaded RoutePredicateFactory [ReadBody]
2026-06-05T11:44:03.208+05:00  INFO 38700 --- [api-gateway] [           main] o.s.c.g.r.RouteDefinitionRouteLocator    : Loaded RoutePredicateFactory [RemoteAddr]
2026-06-05T11:44:03.211+05:00  INFO 38700 --- [api-gateway] [           main] o.s.c.g.r.RouteDefinitionRouteLocator    : Loaded RoutePredicateFactory [XForwardedRemoteAddr]
2026-06-05T11:44:03.215+05:00  INFO 38700 --- [api-gateway] [           main] o.s.c.g.r.RouteDefinitionRouteLocator    : Loaded RoutePredicateFactory [Weight]
2026-06-05T11:44:03.217+05:00  INFO 38700 --- [api-gateway] [           main] o.s.c.g.r.RouteDefinitionRouteLocator    : Loaded RoutePredicateFactory [CloudFoundryRouteService]
2026-06-05T11:44:04.830+05:00  INFO 38700 --- [api-gateway] [           main] o.s.cloud.commons.util.InetUtils         : Cannot determine local hostname
2026-06-05T11:44:05.242+05:00  INFO 38700 --- [api-gateway] [           main] o.s.b.a.e.web.EndpointLinksResolver      : Exposing 3 endpoints beneath base path '/actuator'
2026-06-05T11:44:06.182+05:00  INFO 38700 --- [api-gateway] [           main] DiscoveryClientOptionalArgsConfiguration : Eureka HTTP Client uses RestTemplate.
2026-06-05T11:44:06.322+05:00  WARN 38700 --- [api-gateway] [           main] s.w.s.StarterDeprecatedAutoConfiguration : 

**********************************************************

spring-cloud-starter-gateway is deprecated. It will be removed in the next major release. Please use spring-cloud-starter-gateway-server-webflux instead.

**********************************************************


2026-06-05T11:44:06.355+05:00  WARN 38700 --- [api-gateway] [           main] iguration$LoadBalancerCaffeineWarnLogger : Spring Cloud LoadBalancer is currently working with the default cache. While this cache implementation is useful for development and tests, it's recommended to use Caffeine cache in production.You can switch to using Caffeine cache, by adding it and org.springframework.cache.caffeine.CaffeineCacheManager to the classpath.
2026-06-05T11:44:06.710+05:00  INFO 38700 --- [api-gateway] [           main] o.s.c.n.eureka.InstanceInfoFactory       : Setting initial instance status as: STARTING
2026-06-05T11:44:06.877+05:00  INFO 38700 --- [api-gateway] [           main] com.netflix.discovery.DiscoveryClient    : Initializing Eureka in region us-east-1
2026-06-05T11:44:06.891+05:00  INFO 38700 --- [api-gateway] [           main] c.n.d.s.r.aws.ConfigClusterResolver      : Resolving eureka endpoints via configuration
2026-06-05T11:44:06.915+05:00  INFO 38700 --- [api-gateway] [           main] com.netflix.discovery.DiscoveryClient    : Disable delta property : false
2026-06-05T11:44:06.916+05:00  INFO 38700 --- [api-gateway] [           main] com.netflix.discovery.DiscoveryClient    : Single vip registry refresh property : null
2026-06-05T11:44:06.917+05:00  INFO 38700 --- [api-gateway] [           main] com.netflix.discovery.DiscoveryClient    : Force full registry fetch : false
2026-06-05T11:44:06.917+05:00  INFO 38700 --- [api-gateway] [           main] com.netflix.discovery.DiscoveryClient    : Application is null : false
2026-06-05T11:44:06.918+05:00  INFO 38700 --- [api-gateway] [           main] com.netflix.discovery.DiscoveryClient    : Registered Applications size is zero : true
2026-06-05T11:44:06.919+05:00  INFO 38700 --- [api-gateway] [           main] com.netflix.discovery.DiscoveryClient    : Application version is -1: true
2026-06-05T11:44:06.919+05:00  INFO 38700 --- [api-gateway] [           main] com.netflix.discovery.DiscoveryClient    : Getting all instance registry info from the eureka server
2026-06-05T11:44:09.114+05:00  INFO 38700 --- [api-gateway] [           main] com.netflix.discovery.DiscoveryClient    : The response status is 200
2026-06-05T11:44:09.126+05:00  INFO 38700 --- [api-gateway] [           main] com.netflix.discovery.DiscoveryClient    : Starting heartbeat executor: renew interval is: 30
2026-06-05T11:44:09.133+05:00  INFO 38700 --- [api-gateway] [           main] c.n.discovery.InstanceInfoReplicator     : InstanceInfoReplicator onDemand update allowed rate per min is 4
2026-06-05T11:44:09.139+05:00  INFO 38700 --- [api-gateway] [           main] com.netflix.discovery.DiscoveryClient    : Discovery Client initialized at timestamp 1780641849137 with initial instances count: 7
2026-06-05T11:44:09.149+05:00  INFO 38700 --- [api-gateway] [           main] o.s.c.n.e.s.EurekaServiceRegistry        : Registering application API-GATEWAY with eureka with status UP
2026-06-05T11:44:09.151+05:00  INFO 38700 --- [api-gateway] [           main] com.netflix.discovery.DiscoveryClient    : Saw local status change event StatusChangeEvent [timestamp=1780641849151, current=UP, previous=STARTING]
2026-06-05T11:44:09.182+05:00  INFO 38700 --- [api-gateway] [foReplicator-%d] com.netflix.discovery.DiscoveryClient    : DiscoveryClient_API-GATEWAY/YDU7000424LT.mshome.net:api-gateway:8765: registering service...
2026-06-05T11:44:09.372+05:00  INFO 38700 --- [api-gateway] [foReplicator-%d] com.netflix.discovery.DiscoveryClient    : DiscoveryClient_API-GATEWAY/YDU7000424LT.mshome.net:api-gateway:8765 - registration status: 204
2026-06-05T11:44:23.560+05:00  INFO 38700 --- [api-gateway] [           main] o.s.b.web.embedded.netty.NettyWebServer  : Netty started on port 8765 (http)
2026-06-05T11:44:23.563+05:00  INFO 38700 --- [api-gateway] [           main] .s.c.n.e.s.EurekaAutoServiceRegistration : Updating port to 8765
2026-06-05T11:44:24.309+05:00  INFO 38700 --- [api-gateway] [           main] c.myplus.gateway.ApiGatewayApplication   : Started ApiGatewayApplication in 56.729 seconds (process running for 59.367)
2026-06-05T11:44:24.322+05:00  WARN 38700 --- [api-gateway] [           main] ServerWebfluxPropertiesMigrationListener : 
The use of configuration keys that have been renamed was found in the environment:

Property source 'Config resource 'class path resource [application.yml]' via location 'optional:classpath:/'':
	Key: spring.cloud.gateway.routes[0].id
		Line: 28
		Replacement: spring.cloud.gateway.server.webflux.routes[0].id
	Key: spring.cloud.gateway.routes[0].uri
		Line: 29
		Replacement: spring.cloud.gateway.server.webflux.routes[0].uri
	Key: spring.cloud.gateway.routes[0].predicates[0]
		Line: 31
		Replacement: spring.cloud.gateway.server.webflux.routes[0].predicates[0]
	Key: spring.cloud.gateway.routes[1].id
		Line: 32
		Replacement: spring.cloud.gateway.server.webflux.routes[1].id
	Key: spring.cloud.gateway.routes[1].uri
		Line: 33
		Replacement: spring.cloud.gateway.server.webflux.routes[1].uri
	Key: spring.cloud.gateway.routes[1].predicates[0]
		Line: 35
		Replacement: spring.cloud.gateway.server.webflux.routes[1].predicates[0]
	Key: spring.cloud.gateway.routes[1].filters[0].name
		Line: 37
		Replacement: spring.cloud.gateway.server.webflux.routes[1].filters[0].name
	Key: spring.cloud.gateway.routes[1].filters[1]
		Line: 38
		Replacement: spring.cloud.gateway.server.webflux.routes[1].filters[1]
	Key: spring.cloud.gateway.routes[2].id
		Line: 39
		Replacement: spring.cloud.gateway.server.webflux.routes[2].id
	Key: spring.cloud.gateway.routes[2].uri
		Line: 40
		Replacement: spring.cloud.gateway.server.webflux.routes[2].uri
	Key: spring.cloud.gateway.routes[2].predicates[0]
		Line: 42
		Replacement: spring.cloud.gateway.server.webflux.routes[2].predicates[0]
	Key: spring.cloud.gateway.routes[2].filters[0].name
		Line: 44
		Replacement: spring.cloud.gateway.server.webflux.routes[2].filters[0].name
	Key: spring.cloud.gateway.routes[2].filters[1]
		Line: 45
		Replacement: spring.cloud.gateway.server.webflux.routes[2].filters[1]
	Key: spring.cloud.gateway.routes[3].id
		Line: 46
		Replacement: spring.cloud.gateway.server.webflux.routes[3].id
	Key: spring.cloud.gateway.routes[3].uri
		Line: 47
		Replacement: spring.cloud.gateway.server.webflux.routes[3].uri
	Key: spring.cloud.gateway.routes[3].predicates[0]
		Line: 49
		Replacement: spring.cloud.gateway.server.webflux.routes[3].predicates[0]
	Key: spring.cloud.gateway.routes[3].filters[0].name
		Line: 51
		Replacement: spring.cloud.gateway.server.webflux.routes[3].filters[0].name
	Key: spring.cloud.gateway.routes[3].filters[1]
		Line: 52
		Replacement: spring.cloud.gateway.server.webflux.routes[3].filters[1]
	Key: spring.cloud.gateway.routes[4].id
		Line: 53
		Replacement: spring.cloud.gateway.server.webflux.routes[4].id
	Key: spring.cloud.gateway.routes[4].uri
		Line: 54
		Replacement: spring.cloud.gateway.server.webflux.routes[4].uri
	Key: spring.cloud.gateway.routes[4].predicates[0]
		Line: 56
		Replacement: spring.cloud.gateway.server.webflux.routes[4].predicates[0]
	Key: spring.cloud.gateway.routes[4].filters[0].name
		Line: 58
		Replacement: spring.cloud.gateway.server.webflux.routes[4].filters[0].name
	Key: spring.cloud.gateway.routes[4].filters[1]
		Line: 59
		Replacement: spring.cloud.gateway.server.webflux.routes[4].filters[1]
	Key: spring.cloud.gateway.routes[5].id
		Line: 60
		Replacement: spring.cloud.gateway.server.webflux.routes[5].id
	Key: spring.cloud.gateway.routes[5].uri
		Line: 61
		Replacement: spring.cloud.gateway.server.webflux.routes[5].uri
	Key: spring.cloud.gateway.routes[5].predicates[0]
		Line: 63
		Replacement: spring.cloud.gateway.server.webflux.routes[5].predicates[0]
	Key: spring.cloud.gateway.routes[5].filters[0].name
		Line: 65
		Replacement: spring.cloud.gateway.server.webflux.routes[5].filters[0].name
	Key: spring.cloud.gateway.routes[5].filters[1]
		Line: 66
		Replacement: spring.cloud.gateway.server.webflux.routes[5].filters[1]
	Key: spring.cloud.gateway.routes[6].id
		Line: 67
		Replacement: spring.cloud.gateway.server.webflux.routes[6].id
	Key: spring.cloud.gateway.routes[6].uri
		Line: 68
		Replacement: spring.cloud.gateway.server.webflux.routes[6].uri
	Key: spring.cloud.gateway.routes[6].predicates[0]
		Line: 70
		Replacement: spring.cloud.gateway.server.webflux.routes[6].predicates[0]
	Key: spring.cloud.gateway.routes[6].filters[0].name
		Line: 72
		Replacement: spring.cloud.gateway.server.webflux.routes[6].filters[0].name
	Key: spring.cloud.gateway.routes[6].filters[1]
		Line: 73
		Replacement: spring.cloud.gateway.server.webflux.routes[6].filters[1]
	Key: spring.cloud.gateway.routes[7].id
		Line: 74
		Replacement: spring.cloud.gateway.server.webflux.routes[7].id
	Key: spring.cloud.gateway.routes[7].uri
		Line: 75
		Replacement: spring.cloud.gateway.server.webflux.routes[7].uri
	Key: spring.cloud.gateway.routes[7].predicates[0]
		Line: 77
		Replacement: spring.cloud.gateway.server.webflux.routes[7].predicates[0]
	Key: spring.cloud.gateway.routes[7].filters[0].name
		Line: 79
		Replacement: spring.cloud.gateway.server.webflux.routes[7].filters[0].name
	Key: spring.cloud.gateway.routes[7].filters[1]
		Line: 80
		Replacement: spring.cloud.gateway.server.webflux.routes[7].filters[1]
	Key: spring.cloud.gateway.routes[8].id
		Line: 81
		Replacement: spring.cloud.gateway.server.webflux.routes[8].id
	Key: spring.cloud.gateway.routes[8].uri
		Line: 82
		Replacement: spring.cloud.gateway.server.webflux.routes[8].uri
	Key: spring.cloud.gateway.routes[8].predicates[0]
		Line: 84
		Replacement: spring.cloud.gateway.server.webflux.routes[8].predicates[0]
	Key: spring.cloud.gateway.routes[8].filters[0].name
		Line: 86
		Replacement: spring.cloud.gateway.server.webflux.routes[8].filters[0].name
	Key: spring.cloud.gateway.routes[8].filters[1]
		Line: 87
		Replacement: spring.cloud.gateway.server.webflux.routes[8].filters[1]
	Key: spring.cloud.gateway.routes[9].id
		Line: 88
		Replacement: spring.cloud.gateway.server.webflux.routes[9].id
	Key: spring.cloud.gateway.routes[9].uri
		Line: 89
		Replacement: spring.cloud.gateway.server.webflux.routes[9].uri
	Key: spring.cloud.gateway.routes[9].predicates[0]
		Line: 91
		Replacement: spring.cloud.gateway.server.webflux.routes[9].predicates[0]
	Key: spring.cloud.gateway.routes[9].filters[0].name
		Line: 93
		Replacement: spring.cloud.gateway.server.webflux.routes[9].filters[0].name
	Key: spring.cloud.gateway.routes[9].filters[1]
		Line: 94
		Replacement: spring.cloud.gateway.server.webflux.routes[9].filters[1]

Property source 'applicationConfig: [classpath:/application.yml]':
	Key: spring.cloud.gateway.routes[0].id
		Line: 28
		Replacement: spring.cloud.gateway.server.webflux.routes[0].id
	Key: spring.cloud.gateway.routes[0].uri
		Line: 29
		Replacement: spring.cloud.gateway.server.webflux.routes[0].uri
	Key: spring.cloud.gateway.routes[0].predicates[0]
		Line: 31
		Replacement: spring.cloud.gateway.server.webflux.routes[0].predicates[0]
	Key: spring.cloud.gateway.routes[1].id
		Line: 32
		Replacement: spring.cloud.gateway.server.webflux.routes[1].id
	Key: spring.cloud.gateway.routes[1].uri
		Line: 33
		Replacement: spring.cloud.gateway.server.webflux.routes[1].uri
	Key: spring.cloud.gateway.routes[1].predicates[0]
		Line: 35
		Replacement: spring.cloud.gateway.server.webflux.routes[1].predicates[0]
	Key: spring.cloud.gateway.routes[1].filters[0].name
		Line: 37
		Replacement: spring.cloud.gateway.server.webflux.routes[1].filters[0].name
	Key: spring.cloud.gateway.routes[1].filters[1]
		Line: 38
		Replacement: spring.cloud.gateway.server.webflux.routes[1].filters[1]
	Key: spring.cloud.gateway.routes[2].id
		Line: 39
		Replacement: spring.cloud.gateway.server.webflux.routes[2].id
	Key: spring.cloud.gateway.routes[2].uri
		Line: 40
		Replacement: spring.cloud.gateway.server.webflux.routes[2].uri
	Key: spring.cloud.gateway.routes[2].predicates[0]
		Line: 42
		Replacement: spring.cloud.gateway.server.webflux.routes[2].predicates[0]
	Key: spring.cloud.gateway.routes[2].filters[0].name
		Line: 44
		Replacement: spring.cloud.gateway.server.webflux.routes[2].filters[0].name
	Key: spring.cloud.gateway.routes[2].filters[1]
		Line: 45
		Replacement: spring.cloud.gateway.server.webflux.routes[2].filters[1]
	Key: spring.cloud.gateway.routes[3].id
		Line: 46
		Replacement: spring.cloud.gateway.server.webflux.routes[3].id
	Key: spring.cloud.gateway.routes[3].uri
		Line: 47
		Replacement: spring.cloud.gateway.server.webflux.routes[3].uri
	Key: spring.cloud.gateway.routes[3].predicates[0]
		Line: 49
		Replacement: spring.cloud.gateway.server.webflux.routes[3].predicates[0]
	Key: spring.cloud.gateway.routes[3].filters[0].name
		Line: 51
		Replacement: spring.cloud.gateway.server.webflux.routes[3].filters[0].name
	Key: spring.cloud.gateway.routes[3].filters[1]
		Line: 52
		Replacement: spring.cloud.gateway.server.webflux.routes[3].filters[1]
	Key: spring.cloud.gateway.routes[4].id
		Line: 53
		Replacement: spring.cloud.gateway.server.webflux.routes[4].id
	Key: spring.cloud.gateway.routes[4].uri
		Line: 54
		Replacement: spring.cloud.gateway.server.webflux.routes[4].uri
	Key: spring.cloud.gateway.routes[4].predicates[0]
		Line: 56
		Replacement: spring.cloud.gateway.server.webflux.routes[4].predicates[0]
	Key: spring.cloud.gateway.routes[4].filters[0].name
		Line: 58
		Replacement: spring.cloud.gateway.server.webflux.routes[4].filters[0].name
	Key: spring.cloud.gateway.routes[4].filters[1]
		Line: 59
		Replacement: spring.cloud.gateway.server.webflux.routes[4].filters[1]
	Key: spring.cloud.gateway.routes[5].id
		Line: 60
		Replacement: spring.cloud.gateway.server.webflux.routes[5].id
	Key: spring.cloud.gateway.routes[5].uri
		Line: 61
		Replacement: spring.cloud.gateway.server.webflux.routes[5].uri
	Key: spring.cloud.gateway.routes[5].predicates[0]
		Line: 63
		Replacement: spring.cloud.gateway.server.webflux.routes[5].predicates[0]
	Key: spring.cloud.gateway.routes[5].filters[0].name
		Line: 65
		Replacement: spring.cloud.gateway.server.webflux.routes[5].filters[0].name
	Key: spring.cloud.gateway.routes[5].filters[1]
		Line: 66
		Replacement: spring.cloud.gateway.server.webflux.routes[5].filters[1]
	Key: spring.cloud.gateway.routes[6].id
		Line: 67
		Replacement: spring.cloud.gateway.server.webflux.routes[6].id
	Key: spring.cloud.gateway.routes[6].uri
		Line: 68
		Replacement: spring.cloud.gateway.server.webflux.routes[6].uri
	Key: spring.cloud.gateway.routes[6].predicates[0]
		Line: 70
		Replacement: spring.cloud.gateway.server.webflux.routes[6].predicates[0]
	Key: spring.cloud.gateway.routes[6].filters[0].name
		Line: 72
		Replacement: spring.cloud.gateway.server.webflux.routes[6].filters[0].name
	Key: spring.cloud.gateway.routes[6].filters[1]
		Line: 73
		Replacement: spring.cloud.gateway.server.webflux.routes[6].filters[1]
	Key: spring.cloud.gateway.routes[7].id
		Line: 74
		Replacement: spring.cloud.gateway.server.webflux.routes[7].id
	Key: spring.cloud.gateway.routes[7].uri
		Line: 75
		Replacement: spring.cloud.gateway.server.webflux.routes[7].uri
	Key: spring.cloud.gateway.routes[7].predicates[0]
		Line: 77
		Replacement: spring.cloud.gateway.server.webflux.routes[7].predicates[0]
	Key: spring.cloud.gateway.routes[7].filters[0].name
		Line: 79
		Replacement: spring.cloud.gateway.server.webflux.routes[7].filters[0].name
	Key: spring.cloud.gateway.routes[7].filters[1]
		Line: 80
		Replacement: spring.cloud.gateway.server.webflux.routes[7].filters[1]
	Key: spring.cloud.gateway.routes[8].id
		Line: 81
		Replacement: spring.cloud.gateway.server.webflux.routes[8].id
	Key: spring.cloud.gateway.routes[8].uri
		Line: 82
		Replacement: spring.cloud.gateway.server.webflux.routes[8].uri
	Key: spring.cloud.gateway.routes[8].predicates[0]
		Line: 84
		Replacement: spring.cloud.gateway.server.webflux.routes[8].predicates[0]
	Key: spring.cloud.gateway.routes[8].filters[0].name
		Line: 86
		Replacement: spring.cloud.gateway.server.webflux.routes[8].filters[0].name
	Key: spring.cloud.gateway.routes[8].filters[1]
		Line: 87
		Replacement: spring.cloud.gateway.server.webflux.routes[8].filters[1]
	Key: spring.cloud.gateway.routes[9].id
		Line: 88
		Replacement: spring.cloud.gateway.server.webflux.routes[9].id
	Key: spring.cloud.gateway.routes[9].uri
		Line: 89
		Replacement: spring.cloud.gateway.server.webflux.routes[9].uri
	Key: spring.cloud.gateway.routes[9].predicates[0]
		Line: 91
		Replacement: spring.cloud.gateway.server.webflux.routes[9].predicates[0]
	Key: spring.cloud.gateway.routes[9].filters[0].name
		Line: 93
		Replacement: spring.cloud.gateway.server.webflux.routes[9].filters[0].name
	Key: spring.cloud.gateway.routes[9].filters[1]
		Line: 94
		Replacement: spring.cloud.gateway.server.webflux.routes[9].filters[1]


Each configuration key has been temporarily mapped to its replacement for your convenience. To silence this warning, please update your configuration to use the new keys.

2026-06-05T11:44:24.326+05:00  WARN 38700 --- [api-gateway] [           main] o.s.b.c.p.m.PropertiesMigrationListener  : 
The use of configuration keys that have been renamed was found in the environment:

Property source 'applicationConfig: [classpath:/application.yml]':
	Key: spring.cloud.gateway.discovery.locator.enabled
		Line: 11
		Replacement: spring.cloud.gateway.server.webflux.discovery.locator.enabled
	Key: spring.cloud.gateway.discovery.locator.lower-case-service-id
		Line: 12
		Replacement: spring.cloud.gateway.server.webflux.discovery.locator.lower-case-service-id
	Key: spring.cloud.gateway.globalcors.cors-configurations[/**].allowedoriginpatterns
		Line: 16
		Replacement: spring.cloud.gateway.server.webflux.globalcors.cors-configurations[/**].allowedoriginpatterns
	Key: spring.cloud.gateway.globalcors.cors-configurations[/**].allowedmethods[0]
		Line: 18
		Replacement: spring.cloud.gateway.server.webflux.globalcors.cors-configurations[/**].allowedmethods[0]
	Key: spring.cloud.gateway.globalcors.cors-configurations[/**].allowedmethods[1]
		Line: 19
		Replacement: spring.cloud.gateway.server.webflux.globalcors.cors-configurations[/**].allowedmethods[1]
	Key: spring.cloud.gateway.globalcors.cors-configurations[/**].allowedmethods[2]
		Line: 20
		Replacement: spring.cloud.gateway.server.webflux.globalcors.cors-configurations[/**].allowedmethods[2]
	Key: spring.cloud.gateway.globalcors.cors-configurations[/**].allowedmethods[3]
		Line: 21
		Replacement: spring.cloud.gateway.server.webflux.globalcors.cors-configurations[/**].allowedmethods[3]
	Key: spring.cloud.gateway.globalcors.cors-configurations[/**].allowedmethods[4]
		Line: 22
		Replacement: spring.cloud.gateway.server.webflux.globalcors.cors-configurations[/**].allowedmethods[4]
	Key: spring.cloud.gateway.globalcors.cors-configurations[/**].allowedmethods[5]
		Line: 23
		Replacement: spring.cloud.gateway.server.webflux.globalcors.cors-configurations[/**].allowedmethods[5]
	Key: spring.cloud.gateway.globalcors.cors-configurations[/**].allowedheaders
		Line: 24
		Replacement: spring.cloud.gateway.server.webflux.globalcors.cors-configurations[/**].allowedheaders
	Key: spring.cloud.gateway.globalcors.cors-configurations[/**].allowcredentials
		Line: 25
		Replacement: spring.cloud.gateway.server.webflux.globalcors.cors-configurations[/**].allowcredentials
	Key: spring.cloud.gateway.globalcors.cors-configurations[/**].maxage
		Line: 26
		Replacement: spring.cloud.gateway.server.webflux.globalcors.cors-configurations[/**].maxage

Property source 'Config resource 'class path resource [application.yml]' via location 'optional:classpath:/'':
	Key: spring.cloud.gateway.discovery.locator.enabled
		Line: 11
		Replacement: spring.cloud.gateway.server.webflux.discovery.locator.enabled
	Key: spring.cloud.gateway.discovery.locator.lower-case-service-id
		Line: 12
		Replacement: spring.cloud.gateway.server.webflux.discovery.locator.lower-case-service-id
	Key: spring.cloud.gateway.globalcors.cors-configurations[/**].allowedoriginpatterns
		Line: 16
		Replacement: spring.cloud.gateway.server.webflux.globalcors.cors-configurations[/**].allowedoriginpatterns
	Key: spring.cloud.gateway.globalcors.cors-configurations[/**].allowedmethods[0]
		Line: 18
		Replacement: spring.cloud.gateway.server.webflux.globalcors.cors-configurations[/**].allowedmethods[0]
	Key: spring.cloud.gateway.globalcors.cors-configurations[/**].allowedmethods[1]
		Line: 19
		Replacement: spring.cloud.gateway.server.webflux.globalcors.cors-configurations[/**].allowedmethods[1]
	Key: spring.cloud.gateway.globalcors.cors-configurations[/**].allowedmethods[2]
		Line: 20
		Replacement: spring.cloud.gateway.server.webflux.globalcors.cors-configurations[/**].allowedmethods[2]
	Key: spring.cloud.gateway.globalcors.cors-configurations[/**].allowedmethods[3]
		Line: 21
		Replacement: spring.cloud.gateway.server.webflux.globalcors.cors-configurations[/**].allowedmethods[3]
	Key: spring.cloud.gateway.globalcors.cors-configurations[/**].allowedmethods[4]
		Line: 22
		Replacement: spring.cloud.gateway.server.webflux.globalcors.cors-configurations[/**].allowedmethods[4]
	Key: spring.cloud.gateway.globalcors.cors-configurations[/**].allowedmethods[5]
		Line: 23
		Replacement: spring.cloud.gateway.server.webflux.globalcors.cors-configurations[/**].allowedmethods[5]
	Key: spring.cloud.gateway.globalcors.cors-configurations[/**].allowedheaders
		Line: 24
		Replacement: spring.cloud.gateway.server.webflux.globalcors.cors-configurations[/**].allowedheaders
	Key: spring.cloud.gateway.globalcors.cors-configurations[/**].allowcredentials
		Line: 25
		Replacement: spring.cloud.gateway.server.webflux.globalcors.cors-configurations[/**].allowcredentials
	Key: spring.cloud.gateway.globalcors.cors-configurations[/**].maxage
		Line: 26
		Replacement: spring.cloud.gateway.server.webflux.globalcors.cors-configurations[/**].maxage


Each configuration key has been temporarily mapped to its replacement for your convenience. To silence this warning, please update your configuration to use the new keys.

2026-06-05T11:49:06.924+05:00  INFO 38700 --- [api-gateway] [rap-executor-%d] c.n.d.s.r.aws.ConfigClusterResolver      : Resolving eureka endpoints via configuration
2026-06-05T11:54:06.927+05:00  INFO 38700 --- [api-gateway] [rap-executor-%d] c.n.d.s.r.aws.ConfigClusterResolver      : Resolving eureka endpoints via configuration
2026-06-05T11:59:06.930+05:00  INFO 38700 --- [api-gateway] [rap-executor-%d] c.n.d.s.r.aws.ConfigClusterResolver      : Resolving eureka endpoints via configuration
2026-06-05T12:04:06.933+05:00  INFO 38700 --- [api-gateway] [rap-executor-%d] c.n.d.s.r.aws.ConfigClusterResolver      : Resolving eureka endpoints via configuration
2026-06-05T12:09:06.935+05:00  INFO 38700 --- [api-gateway] [rap-executor-%d] c.n.d.s.r.aws.ConfigClusterResolver      : Resolving eureka endpoints via configuration
2026-06-05T12:14:06.938+05:00  INFO 38700 --- [api-gateway] [rap-executor-%d] c.n.d.s.r.aws.ConfigClusterResolver      : Resolving eureka endpoints via configuration
2026-06-05T12:19:06.941+05:00  INFO 38700 --- [api-gateway] [rap-executor-%d] c.n.d.s.r.aws.ConfigClusterResolver      : Resolving eureka endpoints via configuration
2026-06-05T12:24:06.943+05:00  INFO 38700 --- [api-gateway] [rap-executor-%d] c.n.d.s.r.aws.ConfigClusterResolver      : Resolving eureka endpoints via configuration
2026-06-05T12:29:06.945+05:00  INFO 38700 --- [api-gateway] [rap-executor-%d] c.n.d.s.r.aws.ConfigClusterResolver      : Resolving eureka endpoints via configuration
