
  .   ____          _            __ _ _
 /\\ / ___'_ __ _ _(_)_ __  __ _ \ \ \ \
( ( )\___ | '_ | '_| | '_ \/ _` | \ \ \ \
 \\/  ___)| |_)| | | | | || (_| |  ) ) ) )
  '  |____| .__|_| |_|_| |_\__, | / / / /
 =========|_|==============|___/=/_/_/_/

 :: Spring Boot ::                (v3.5.0)

2026-06-05T11:44:13.357+05:00  INFO 54080 --- [campaign-service] [           main] c.c.c.ConfigServicePropertySourceLocator : Fetching config from server at : http://localhost:8888
2026-06-05T11:44:13.854+05:00  INFO 54080 --- [campaign-service] [           main] c.c.c.ConfigServicePropertySourceLocator : Located environment: name=campaign-service, profiles=[default], label=null, version=null, state=null
2026-06-05T11:44:13.856+05:00  INFO 54080 --- [campaign-service] [           main] b.c.PropertySourceBootstrapConfiguration : Located property source: [BootstrapPropertySource {name='bootstrapProperties-configClient'}, BootstrapPropertySource {name='bootstrapProperties-classpath:/configs/campaign-service.yml'}, BootstrapPropertySource {name='bootstrapProperties-classpath:/configs/application.yml'}]
2026-06-05T11:44:13.887+05:00  INFO 54080 --- [campaign-service] [           main] c.m.campaign.CampaignServiceApplication  : No active profile set, falling back to 1 default profile: "default"
2026-06-05T11:44:17.989+05:00  INFO 54080 --- [campaign-service] [           main] .s.d.r.c.RepositoryConfigurationDelegate : Bootstrapping Spring Data JPA repositories in DEFAULT mode.
2026-06-05T11:44:18.775+05:00  INFO 54080 --- [campaign-service] [           main] .s.d.r.c.RepositoryConfigurationDelegate : Finished Spring Data repository scanning in 732 ms. Found 6 JPA repository interfaces.
2026-06-05T11:44:19.931+05:00  INFO 54080 --- [campaign-service] [           main] o.s.cloud.context.scope.GenericScope     : BeanFactory id=6fadf881-68f4-3de8-9fb2-38ed5a9a1532
2026-06-05T11:44:22.230+05:00  INFO 54080 --- [campaign-service] [           main] o.s.b.w.embedded.tomcat.TomcatWebServer  : Tomcat initialized with port 8089 (http)
2026-06-05T11:44:22.309+05:00  INFO 54080 --- [campaign-service] [           main] o.apache.catalina.core.StandardService   : Starting service [Tomcat]
2026-06-05T11:44:22.311+05:00  INFO 54080 --- [campaign-service] [           main] o.apache.catalina.core.StandardEngine    : Starting Servlet engine: [Apache Tomcat/10.1.41]
2026-06-05T11:44:22.475+05:00  INFO 54080 --- [campaign-service] [           main] o.a.c.c.C.[Tomcat].[localhost].[/]       : Initializing Spring embedded WebApplicationContext
2026-06-05T11:44:22.494+05:00  INFO 54080 --- [campaign-service] [           main] w.s.c.ServletWebServerApplicationContext : Root WebApplicationContext: initialization completed in 8582 ms
2026-06-05T11:44:23.405+05:00 DEBUG 54080 --- [campaign-service] [           main] c.m.common.security.HeaderAuthFilter     : Filter 'headerAuthFilter' configured for use
2026-06-05T11:44:23.850+05:00  INFO 54080 --- [campaign-service] [           main] o.hibernate.jpa.internal.util.LogHelper  : HHH000204: Processing PersistenceUnitInfo [name: default]
2026-06-05T11:44:29.096+05:00  INFO 54080 --- [campaign-service] [           main] org.hibernate.Version                    : HHH000412: Hibernate ORM core version 6.6.15.Final
2026-06-05T11:44:29.347+05:00  INFO 54080 --- [campaign-service] [           main] o.h.c.internal.RegionFactoryInitiator    : HHH000026: Second-level cache disabled
2026-06-05T11:44:31.293+05:00  INFO 54080 --- [campaign-service] [           main] o.s.o.j.p.SpringPersistenceUnitInfo      : No LoadTimeWeaver setup: ignoring JPA class transformer
2026-06-05T11:44:31.413+05:00  INFO 54080 --- [campaign-service] [           main] com.zaxxer.hikari.HikariDataSource       : HikariPool-1 - Starting...
2026-06-05T11:44:32.548+05:00  INFO 54080 --- [campaign-service] [           main] com.zaxxer.hikari.pool.HikariPool        : HikariPool-1 - Added connection com.mysql.cj.jdbc.ConnectionImpl@7792e14f
2026-06-05T11:44:32.555+05:00  INFO 54080 --- [campaign-service] [           main] com.zaxxer.hikari.HikariDataSource       : HikariPool-1 - Start completed.
2026-06-05T11:44:32.781+05:00  WARN 54080 --- [campaign-service] [           main] org.hibernate.orm.deprecation            : HHH90000025: MySQL8Dialect does not need to be specified explicitly using 'hibernate.dialect' (remove the property setting and it will be selected by default)
2026-06-05T11:44:32.785+05:00  WARN 54080 --- [campaign-service] [           main] org.hibernate.orm.deprecation            : HHH90000026: MySQL8Dialect has been deprecated; use org.hibernate.dialect.MySQLDialect instead
2026-06-05T11:44:32.886+05:00  INFO 54080 --- [campaign-service] [           main] org.hibernate.orm.connections.pooling    : HHH10001005: Database info:
	Database JDBC URL [Connecting through datasource 'HikariDataSource (HikariPool-1)']
	Database driver: undefined/unknown
	Database version: 8.0
	Autocommit mode: undefined/unknown
	Isolation level: undefined/unknown
	Minimum pool size: undefined/unknown
	Maximum pool size: undefined/unknown
2026-06-05T11:44:36.990+05:00  INFO 54080 --- [campaign-service] [           main] o.h.e.t.j.p.i.JtaPlatformInitiator       : HHH000489: No JTA platform available (set 'hibernate.transaction.jta.platform' to enable JTA platform integration)
2026-06-05T11:44:37.225+05:00  INFO 54080 --- [campaign-service] [           main] j.LocalContainerEntityManagerFactoryBean : Initialized JPA EntityManagerFactory for persistence unit 'default'
2026-06-05T11:44:39.721+05:00  WARN 54080 --- [campaign-service] [           main] .s.s.UserDetailsServiceAutoConfiguration : 

Using generated security password: b734a72e-19a8-430a-b9f3-c6b68f9d7996

This generated password is for development use only. Your security configuration must be updated before running your application in production.

2026-06-05T11:44:39.755+05:00  INFO 54080 --- [campaign-service] [           main] r$InitializeUserDetailsManagerConfigurer : Global AuthenticationManager configured with UserDetailsService bean with name inMemoryUserDetailsManager
2026-06-05T11:44:41.923+05:00  INFO 54080 --- [campaign-service] [           main] o.s.b.a.e.web.EndpointLinksResolver      : Exposing 3 endpoints beneath base path '/actuator'
2026-06-05T11:44:44.656+05:00  INFO 54080 --- [campaign-service] [           main] DiscoveryClientOptionalArgsConfiguration : Eureka HTTP Client uses RestTemplate.
2026-06-05T11:44:44.909+05:00  WARN 54080 --- [campaign-service] [           main] iguration$LoadBalancerCaffeineWarnLogger : Spring Cloud LoadBalancer is currently working with the default cache. While this cache implementation is useful for development and tests, it's recommended to use Caffeine cache in production.You can switch to using Caffeine cache, by adding it and org.springframework.cache.caffeine.CaffeineCacheManager to the classpath.
2026-06-05T11:44:45.239+05:00  INFO 54080 --- [campaign-service] [           main] o.s.c.n.eureka.InstanceInfoFactory       : Setting initial instance status as: STARTING
2026-06-05T11:44:45.453+05:00  INFO 54080 --- [campaign-service] [           main] com.netflix.discovery.DiscoveryClient    : Initializing Eureka in region us-east-1
2026-06-05T11:44:45.473+05:00  INFO 54080 --- [campaign-service] [           main] c.n.d.s.r.aws.ConfigClusterResolver      : Resolving eureka endpoints via configuration
2026-06-05T11:44:45.503+05:00  INFO 54080 --- [campaign-service] [           main] com.netflix.discovery.DiscoveryClient    : Disable delta property : false
2026-06-05T11:44:45.504+05:00  INFO 54080 --- [campaign-service] [           main] com.netflix.discovery.DiscoveryClient    : Single vip registry refresh property : null
2026-06-05T11:44:45.505+05:00  INFO 54080 --- [campaign-service] [           main] com.netflix.discovery.DiscoveryClient    : Force full registry fetch : false
2026-06-05T11:44:45.507+05:00  INFO 54080 --- [campaign-service] [           main] com.netflix.discovery.DiscoveryClient    : Application is null : false
2026-06-05T11:44:45.508+05:00  INFO 54080 --- [campaign-service] [           main] com.netflix.discovery.DiscoveryClient    : Registered Applications size is zero : true
2026-06-05T11:44:45.509+05:00  INFO 54080 --- [campaign-service] [           main] com.netflix.discovery.DiscoveryClient    : Application version is -1: true
2026-06-05T11:44:45.510+05:00  INFO 54080 --- [campaign-service] [           main] com.netflix.discovery.DiscoveryClient    : Getting all instance registry info from the eureka server
2026-06-05T11:44:48.041+05:00  INFO 54080 --- [campaign-service] [           main] com.netflix.discovery.DiscoveryClient    : The response status is 200
2026-06-05T11:44:48.048+05:00  INFO 54080 --- [campaign-service] [           main] com.netflix.discovery.DiscoveryClient    : Starting heartbeat executor: renew interval is: 30
2026-06-05T11:44:48.054+05:00  INFO 54080 --- [campaign-service] [           main] c.n.discovery.InstanceInfoReplicator     : InstanceInfoReplicator onDemand update allowed rate per min is 4
2026-06-05T11:44:48.059+05:00  INFO 54080 --- [campaign-service] [           main] com.netflix.discovery.DiscoveryClient    : Discovery Client initialized at timestamp 1780641888057 with initial instances count: 4
2026-06-05T11:44:48.071+05:00  INFO 54080 --- [campaign-service] [           main] o.s.c.n.e.s.EurekaServiceRegistry        : Registering application CAMPAIGN-SERVICE with eureka with status UP
2026-06-05T11:44:48.073+05:00  INFO 54080 --- [campaign-service] [           main] com.netflix.discovery.DiscoveryClient    : Saw local status change event StatusChangeEvent [timestamp=1780641888073, current=UP, previous=STARTING]
2026-06-05T11:44:48.264+05:00  INFO 54080 --- [campaign-service] [foReplicator-%d] com.netflix.discovery.DiscoveryClient    : DiscoveryClient_CAMPAIGN-SERVICE/YDU7000424LT.mshome.net:campaign-service:8089: registering service...
2026-06-05T11:44:48.543+05:00  INFO 54080 --- [campaign-service] [foReplicator-%d] com.netflix.discovery.DiscoveryClient    : DiscoveryClient_CAMPAIGN-SERVICE/YDU7000424LT.mshome.net:campaign-service:8089 - registration status: 204
2026-06-05T11:44:48.598+05:00  INFO 54080 --- [campaign-service] [           main] o.s.b.w.embedded.tomcat.TomcatWebServer  : Tomcat started on port 8089 (http) with context path '/'
2026-06-05T11:44:48.600+05:00  INFO 54080 --- [campaign-service] [           main] .s.c.n.e.s.EurekaAutoServiceRegistration : Updating port to 8089
2026-06-05T11:44:48.696+05:00  INFO 54080 --- [campaign-service] [           main] c.m.campaign.CampaignServiceApplication  : Started CampaignServiceApplication in 39.485 seconds (process running for 40.99)
2026-06-05T11:49:45.514+05:00  INFO 54080 --- [campaign-service] [rap-executor-%d] c.n.d.s.r.aws.ConfigClusterResolver      : Resolving eureka endpoints via configuration
2026-06-05T11:54:45.515+05:00  INFO 54080 --- [campaign-service] [rap-executor-%d] c.n.d.s.r.aws.ConfigClusterResolver      : Resolving eureka endpoints via configuration
2026-06-05T11:59:45.518+05:00  INFO 54080 --- [campaign-service] [rap-executor-%d] c.n.d.s.r.aws.ConfigClusterResolver      : Resolving eureka endpoints via configuration
2026-06-05T12:04:45.519+05:00  INFO 54080 --- [campaign-service] [rap-executor-%d] c.n.d.s.r.aws.ConfigClusterResolver      : Resolving eureka endpoints via configuration
2026-06-05T12:09:45.523+05:00  INFO 54080 --- [campaign-service] [rap-executor-%d] c.n.d.s.r.aws.ConfigClusterResolver      : Resolving eureka endpoints via configuration
