
  .   ____          _            __ _ _
 /\\ / ___'_ __ _ _(_)_ __  __ _ \ \ \ \
( ( )\___ | '_ | '_| | '_ \/ _` | \ \ \ \
 \\/  ___)| |_)| | | | | || (_| |  ) ) ) )
  '  |____| .__|_| |_|_| |_\__, | / / / /
 =========|_|==============|___/=/_/_/_/

 :: Spring Boot ::                (v3.5.0)

2026-05-31T18:49:17.912+05:00  INFO 57072 --- [education-service] [           main] c.c.c.ConfigServicePropertySourceLocator : Fetching config from server at : http://localhost:8888
2026-05-31T18:49:18.864+05:00  INFO 57072 --- [education-service] [           main] c.c.c.ConfigServicePropertySourceLocator : Located environment: name=education-service, profiles=[default], label=null, version=null, state=null
2026-05-31T18:49:18.869+05:00  INFO 57072 --- [education-service] [           main] b.c.PropertySourceBootstrapConfiguration : Located property source: [BootstrapPropertySource {name='bootstrapProperties-configClient'}, BootstrapPropertySource {name='bootstrapProperties-classpath:/configs/education-service.yml'}, BootstrapPropertySource {name='bootstrapProperties-classpath:/configs/application.yml'}]
2026-05-31T18:49:18.956+05:00  INFO 57072 --- [education-service] [           main] c.m.e.EducationServiceApplication        : No active profile set, falling back to 1 default profile: "default"
2026-05-31T18:49:23.031+05:00  INFO 57072 --- [education-service] [           main] .s.d.r.c.RepositoryConfigurationDelegate : Bootstrapping Spring Data JPA repositories in DEFAULT mode.
2026-05-31T18:49:24.077+05:00  INFO 57072 --- [education-service] [           main] .s.d.r.c.RepositoryConfigurationDelegate : Finished Spring Data repository scanning in 998 ms. Found 13 JPA repository interfaces.
2026-05-31T18:49:25.109+05:00  INFO 57072 --- [education-service] [           main] o.s.cloud.context.scope.GenericScope     : BeanFactory id=29d9979c-8d08-3729-9bc5-45ba9831d8bb
2026-05-31T18:49:27.005+05:00  INFO 57072 --- [education-service] [           main] o.s.b.w.embedded.tomcat.TomcatWebServer  : Tomcat initialized with port 8084 (http)
2026-05-31T18:49:27.054+05:00  INFO 57072 --- [education-service] [           main] o.apache.catalina.core.StandardService   : Starting service [Tomcat]
2026-05-31T18:49:27.055+05:00  INFO 57072 --- [education-service] [           main] o.apache.catalina.core.StandardEngine    : Starting Servlet engine: [Apache Tomcat/10.1.41]
2026-05-31T18:49:27.165+05:00  INFO 57072 --- [education-service] [           main] o.a.c.c.C.[Tomcat].[localhost].[/]       : Initializing Spring embedded WebApplicationContext
2026-05-31T18:49:27.168+05:00  INFO 57072 --- [education-service] [           main] w.s.c.ServletWebServerApplicationContext : Root WebApplicationContext: initialization completed in 8120 ms
2026-05-31T18:49:27.962+05:00 DEBUG 57072 --- [education-service] [           main] c.m.education.security.HeaderAuthFilter  : Filter 'headerAuthFilter' configured for use
2026-05-31T18:49:30.957+05:00  INFO 57072 --- [education-service] [           main] o.hibernate.jpa.internal.util.LogHelper  : HHH000204: Processing PersistenceUnitInfo [name: default]
2026-05-31T18:49:31.170+05:00  INFO 57072 --- [education-service] [           main] org.hibernate.Version                    : HHH000412: Hibernate ORM core version 6.6.15.Final
2026-05-31T18:49:31.295+05:00  INFO 57072 --- [education-service] [           main] o.h.c.internal.RegionFactoryInitiator    : HHH000026: Second-level cache disabled
2026-05-31T18:49:32.291+05:00  INFO 57072 --- [education-service] [           main] o.s.o.j.p.SpringPersistenceUnitInfo      : No LoadTimeWeaver setup: ignoring JPA class transformer
2026-05-31T18:49:32.393+05:00  INFO 57072 --- [education-service] [           main] com.zaxxer.hikari.HikariDataSource       : HikariPool-1 - Starting...
2026-05-31T18:49:32.925+05:00  INFO 57072 --- [education-service] [           main] com.zaxxer.hikari.pool.HikariPool        : HikariPool-1 - Added connection com.mysql.cj.jdbc.ConnectionImpl@4a094f90
2026-05-31T18:49:32.931+05:00  INFO 57072 --- [education-service] [           main] com.zaxxer.hikari.HikariDataSource       : HikariPool-1 - Start completed.
2026-05-31T18:49:33.051+05:00  WARN 57072 --- [education-service] [           main] org.hibernate.orm.deprecation            : HHH90000025: MySQL8Dialect does not need to be specified explicitly using 'hibernate.dialect' (remove the property setting and it will be selected by default)
2026-05-31T18:49:33.056+05:00  WARN 57072 --- [education-service] [           main] org.hibernate.orm.deprecation            : HHH90000026: MySQL8Dialect has been deprecated; use org.hibernate.dialect.MySQLDialect instead
2026-05-31T18:49:33.102+05:00  INFO 57072 --- [education-service] [           main] org.hibernate.orm.connections.pooling    : HHH10001005: Database info:
	Database JDBC URL [Connecting through datasource 'HikariDataSource (HikariPool-1)']
	Database driver: undefined/unknown
	Database version: 8.0
	Autocommit mode: undefined/unknown
	Isolation level: undefined/unknown
	Minimum pool size: undefined/unknown
	Maximum pool size: undefined/unknown
2026-05-31T18:49:36.568+05:00  INFO 57072 --- [education-service] [           main] o.h.e.t.j.p.i.JtaPlatformInitiator       : HHH000489: No JTA platform available (set 'hibernate.transaction.jta.platform' to enable JTA platform integration)
2026-05-31T18:49:36.878+05:00  INFO 57072 --- [education-service] [           main] j.LocalContainerEntityManagerFactoryBean : Initialized JPA EntityManagerFactory for persistence unit 'default'
2026-05-31T18:49:38.850+05:00  WARN 57072 --- [education-service] [           main] .s.s.UserDetailsServiceAutoConfiguration : 

Using generated security password: 72bc87f6-b9d7-464d-951a-f994a7ce4382

This generated password is for development use only. Your security configuration must be updated before running your application in production.

2026-05-31T18:49:38.869+05:00  INFO 57072 --- [education-service] [           main] r$InitializeUserDetailsManagerConfigurer : Global AuthenticationManager configured with UserDetailsService bean with name inMemoryUserDetailsManager
2026-05-31T18:49:40.220+05:00  INFO 57072 --- [education-service] [           main] o.s.b.a.e.web.EndpointLinksResolver      : Exposing 3 endpoints beneath base path '/actuator'
2026-05-31T18:49:41.624+05:00  INFO 57072 --- [education-service] [           main] DiscoveryClientOptionalArgsConfiguration : Eureka HTTP Client uses RestTemplate.
2026-05-31T18:49:41.744+05:00  WARN 57072 --- [education-service] [           main] iguration$LoadBalancerCaffeineWarnLogger : Spring Cloud LoadBalancer is currently working with the default cache. While this cache implementation is useful for development and tests, it's recommended to use Caffeine cache in production.You can switch to using Caffeine cache, by adding it and org.springframework.cache.caffeine.CaffeineCacheManager to the classpath.
2026-05-31T18:49:41.922+05:00  INFO 57072 --- [education-service] [           main] o.s.c.n.eureka.InstanceInfoFactory       : Setting initial instance status as: STARTING
2026-05-31T18:49:42.019+05:00  INFO 57072 --- [education-service] [           main] com.netflix.discovery.DiscoveryClient    : Initializing Eureka in region us-east-1
2026-05-31T18:49:42.033+05:00  INFO 57072 --- [education-service] [           main] c.n.d.s.r.aws.ConfigClusterResolver      : Resolving eureka endpoints via configuration
2026-05-31T18:49:42.057+05:00  INFO 57072 --- [education-service] [           main] com.netflix.discovery.DiscoveryClient    : Disable delta property : false
2026-05-31T18:49:42.058+05:00  INFO 57072 --- [education-service] [           main] com.netflix.discovery.DiscoveryClient    : Single vip registry refresh property : null
2026-05-31T18:49:42.058+05:00  INFO 57072 --- [education-service] [           main] com.netflix.discovery.DiscoveryClient    : Force full registry fetch : false
2026-05-31T18:49:42.059+05:00  INFO 57072 --- [education-service] [           main] com.netflix.discovery.DiscoveryClient    : Application is null : false
2026-05-31T18:49:42.060+05:00  INFO 57072 --- [education-service] [           main] com.netflix.discovery.DiscoveryClient    : Registered Applications size is zero : true
2026-05-31T18:49:42.060+05:00  INFO 57072 --- [education-service] [           main] com.netflix.discovery.DiscoveryClient    : Application version is -1: true
2026-05-31T18:49:42.061+05:00  INFO 57072 --- [education-service] [           main] com.netflix.discovery.DiscoveryClient    : Getting all instance registry info from the eureka server
2026-05-31T18:49:43.026+05:00  INFO 57072 --- [education-service] [           main] com.netflix.discovery.DiscoveryClient    : The response status is 200
2026-05-31T18:49:43.032+05:00  INFO 57072 --- [education-service] [           main] com.netflix.discovery.DiscoveryClient    : Starting heartbeat executor: renew interval is: 30
2026-05-31T18:49:43.039+05:00  INFO 57072 --- [education-service] [           main] c.n.discovery.InstanceInfoReplicator     : InstanceInfoReplicator onDemand update allowed rate per min is 4
2026-05-31T18:49:43.044+05:00  INFO 57072 --- [education-service] [           main] com.netflix.discovery.DiscoveryClient    : Discovery Client initialized at timestamp 1780235383042 with initial instances count: 1
2026-05-31T18:49:43.053+05:00  INFO 57072 --- [education-service] [           main] o.s.c.n.e.s.EurekaServiceRegistry        : Registering application EDUCATION-SERVICE with eureka with status UP
2026-05-31T18:49:43.055+05:00  INFO 57072 --- [education-service] [           main] com.netflix.discovery.DiscoveryClient    : Saw local status change event StatusChangeEvent [timestamp=1780235383055, current=UP, previous=STARTING]
2026-05-31T18:49:43.061+05:00  INFO 57072 --- [education-service] [foReplicator-%d] com.netflix.discovery.DiscoveryClient    : DiscoveryClient_EDUCATION-SERVICE/YDU7000424LT.mshome.net:education-service:8084: registering service...
2026-05-31T18:49:43.136+05:00  INFO 57072 --- [education-service] [           main] o.s.b.w.embedded.tomcat.TomcatWebServer  : Tomcat started on port 8084 (http) with context path '/'
2026-05-31T18:49:43.139+05:00  INFO 57072 --- [education-service] [           main] .s.c.n.e.s.EurekaAutoServiceRegistration : Updating port to 8084
2026-05-31T18:49:43.172+05:00  INFO 57072 --- [education-service] [foReplicator-%d] com.netflix.discovery.DiscoveryClient    : DiscoveryClient_EDUCATION-SERVICE/YDU7000424LT.mshome.net:education-service:8084 - registration status: 204
2026-05-31T18:49:43.191+05:00  INFO 57072 --- [education-service] [           main] c.m.e.EducationServiceApplication        : Started EducationServiceApplication in 30.791 seconds (process running for 33.073)
