
  .   ____          _            __ _ _
 /\\ / ___'_ __ _ _(_)_ __  __ _ \ \ \ \
( ( )\___ | '_ | '_| | '_ \/ _` | \ \ \ \
 \\/  ___)| |_)| | | | | || (_| |  ) ) ) )
  '  |____| .__|_| |_|_| |_\__, | / / / /
 =========|_|==============|___/=/_/_/_/

 :: Spring Boot ::                (v3.5.0)

2026-05-31T18:48:51.211+05:00  INFO 49448 --- [eureka-server] [           main] c.myplus.eureka.EurekaServerApplication  : Starting EurekaServerApplication v1.0.0-SNAPSHOT using Java 25.0.3 with PID 49448 (C:\Users\HP\Shahid\software\myplus\microservices\eureka-server\target\eureka-server-1.0.0-SNAPSHOT.jar started by HP in C:\Users\HP\Shahid\software\myplus\microservices\eureka-server)
2026-05-31T18:48:51.215+05:00  INFO 49448 --- [eureka-server] [           main] c.myplus.eureka.EurekaServerApplication  : No active profile set, falling back to 1 default profile: "default"
2026-05-31T18:48:53.431+05:00  INFO 49448 --- [eureka-server] [           main] o.s.cloud.context.scope.GenericScope     : BeanFactory id=257a7731-97f7-31e3-b49f-63142598e655
2026-05-31T18:48:54.060+05:00  INFO 49448 --- [eureka-server] [           main] o.s.b.w.embedded.tomcat.TomcatWebServer  : Tomcat initialized with port 8761 (http)
2026-05-31T18:48:54.090+05:00  INFO 49448 --- [eureka-server] [           main] o.apache.catalina.core.StandardService   : Starting service [Tomcat]
2026-05-31T18:48:54.091+05:00  INFO 49448 --- [eureka-server] [           main] o.apache.catalina.core.StandardEngine    : Starting Servlet engine: [Apache Tomcat/10.1.41]
2026-05-31T18:48:54.149+05:00  INFO 49448 --- [eureka-server] [           main] o.a.c.c.C.[Tomcat].[localhost].[/]       : Initializing Spring embedded WebApplicationContext
2026-05-31T18:48:54.152+05:00  INFO 49448 --- [eureka-server] [           main] w.s.c.ServletWebServerApplicationContext : Root WebApplicationContext: initialization completed in 2850 ms
2026-05-31T18:48:55.867+05:00  INFO 49448 --- [eureka-server] [           main] c.n.d.provider.DiscoveryJerseyProvider   : Using JSON encoding codec LegacyJacksonJson
2026-05-31T18:48:55.868+05:00  INFO 49448 --- [eureka-server] [           main] c.n.d.provider.DiscoveryJerseyProvider   : Using JSON decoding codec LegacyJacksonJson
2026-05-31T18:48:56.210+05:00  INFO 49448 --- [eureka-server] [           main] c.n.d.provider.DiscoveryJerseyProvider   : Using XML encoding codec XStreamXml
2026-05-31T18:48:56.211+05:00  INFO 49448 --- [eureka-server] [           main] c.n.d.provider.DiscoveryJerseyProvider   : Using XML decoding codec XStreamXml
2026-05-31T18:48:56.453+05:00  INFO 49448 --- [eureka-server] [           main] o.s.v.b.OptionalValidatorFactoryBean     : Failed to set up a Bean Validation provider: jakarta.validation.NoProviderFoundException: Unable to create a Configuration, because no Jakarta Bean Validation provider could be found. Add a provider like Hibernate Validator (RI) to your classpath.
2026-05-31T18:48:57.852+05:00  WARN 49448 --- [eureka-server] [           main] iguration$LoadBalancerCaffeineWarnLogger : Spring Cloud LoadBalancer is currently working with the default cache. While this cache implementation is useful for development and tests, it's recommended to use Caffeine cache in production.You can switch to using Caffeine cache, by adding it and org.springframework.cache.caffeine.CaffeineCacheManager to the classpath.
2026-05-31T18:48:57.885+05:00  INFO 49448 --- [eureka-server] [           main] o.s.c.n.eureka.InstanceInfoFactory       : Setting initial instance status as: STARTING
2026-05-31T18:48:57.920+05:00  INFO 49448 --- [eureka-server] [           main] com.netflix.discovery.DiscoveryClient    : Initializing Eureka in region us-east-1
2026-05-31T18:48:57.921+05:00  INFO 49448 --- [eureka-server] [           main] com.netflix.discovery.DiscoveryClient    : Client configured to neither register nor query for data.
2026-05-31T18:48:57.923+05:00  INFO 49448 --- [eureka-server] [           main] com.netflix.discovery.DiscoveryClient    : Discovery Client initialized at timestamp 1780235337922 with initial instances count: 0
2026-05-31T18:48:57.981+05:00  INFO 49448 --- [eureka-server] [           main] c.n.eureka.DefaultEurekaServerContext    : Initializing ...
2026-05-31T18:48:57.984+05:00  WARN 49448 --- [eureka-server] [           main] c.n.eureka.cluster.PeerEurekaNodes       : The replica size seems to be empty. Check the route 53 DNS Registry
2026-05-31T18:48:57.997+05:00  INFO 49448 --- [eureka-server] [           main] c.n.e.registry.AbstractInstanceRegistry  : Finished initializing remote region registries. All known remote regions: []
2026-05-31T18:48:57.998+05:00  INFO 49448 --- [eureka-server] [           main] c.n.eureka.DefaultEurekaServerContext    : Initialized
2026-05-31T18:48:58.020+05:00  INFO 49448 --- [eureka-server] [           main] o.s.b.a.e.web.EndpointLinksResolver      : Exposing 2 endpoints beneath base path '/actuator'
2026-05-31T18:48:58.118+05:00  INFO 49448 --- [eureka-server] [           main] o.s.c.n.e.s.EurekaServiceRegistry        : Registering application EUREKA-SERVER with eureka with status UP
2026-05-31T18:48:58.138+05:00  INFO 49448 --- [eureka-server] [       Thread-9] o.s.c.n.e.server.EurekaServerBootstrap   : isAws returned false
2026-05-31T18:48:58.139+05:00  INFO 49448 --- [eureka-server] [       Thread-9] o.s.c.n.e.server.EurekaServerBootstrap   : Initialized server context
2026-05-31T18:48:58.140+05:00  INFO 49448 --- [eureka-server] [       Thread-9] c.n.e.r.PeerAwareInstanceRegistryImpl    : Got 1 instances from neighboring DS node
2026-05-31T18:48:58.140+05:00  INFO 49448 --- [eureka-server] [       Thread-9] c.n.e.r.PeerAwareInstanceRegistryImpl    : Renew threshold is: 1
2026-05-31T18:48:58.141+05:00  INFO 49448 --- [eureka-server] [       Thread-9] c.n.e.r.PeerAwareInstanceRegistryImpl    : Changing status to UP
2026-05-31T18:48:58.143+05:00  INFO 49448 --- [eureka-server] [       Thread-9] e.s.EurekaServerInitializerConfiguration : Started Eureka Server
2026-05-31T18:48:58.184+05:00  INFO 49448 --- [eureka-server] [           main] o.s.b.w.embedded.tomcat.TomcatWebServer  : Tomcat started on port 8761 (http) with context path '/'
2026-05-31T18:48:58.186+05:00  INFO 49448 --- [eureka-server] [           main] .s.c.n.e.s.EurekaAutoServiceRegistration : Updating port to 8761
2026-05-31T18:48:58.223+05:00  INFO 49448 --- [eureka-server] [           main] c.myplus.eureka.EurekaServerApplication  : Started EurekaServerApplication in 7.648 seconds (process running for 8.197)
2026-05-31T18:49:06.435+05:00  INFO 49448 --- [eureka-server] [nio-8761-exec-2] o.a.c.c.C.[Tomcat].[localhost].[/]       : Initializing Spring DispatcherServlet 'dispatcherServlet'
2026-05-31T18:49:06.436+05:00  INFO 49448 --- [eureka-server] [nio-8761-exec-2] o.s.web.servlet.DispatcherServlet        : Initializing Servlet 'dispatcherServlet'
2026-05-31T18:49:06.438+05:00  INFO 49448 --- [eureka-server] [nio-8761-exec-2] o.s.web.servlet.DispatcherServlet        : Completed initialization in 2 ms
2026-05-31T18:49:06.805+05:00  INFO 49448 --- [eureka-server] [nio-8761-exec-3] c.n.e.registry.AbstractInstanceRegistry  : Registered instance CONFIG-SERVER/YDU7000424LT.mshome.net:config-server:8888 with status UP (replication=false)
2026-05-31T18:49:13.144+05:00  INFO 49448 --- [eureka-server] [a-EvictionTimer] c.n.e.registry.AbstractInstanceRegistry  : Running the evict task with compensationTime 0ms
2026-05-31T18:49:28.165+05:00  INFO 49448 --- [eureka-server] [a-EvictionTimer] c.n.e.registry.AbstractInstanceRegistry  : Running the evict task with compensationTime 21ms
2026-05-31T18:49:32.399+05:00  INFO 49448 --- [eureka-server] [nio-8761-exec-5] c.n.e.registry.AbstractInstanceRegistry  : Registered instance API-GATEWAY/YDU7000424LT.mshome.net:api-gateway:8765 with status UP (replication=false)
2026-05-31T18:49:41.256+05:00  INFO 49448 --- [eureka-server] [nio-8761-exec-9] c.n.e.registry.AbstractInstanceRegistry  : Registered instance AUTH-SERVICE/YDU7000424LT.mshome.net:auth-service:8081 with status UP (replication=false)
2026-05-31T18:49:43.165+05:00  INFO 49448 --- [eureka-server] [a-EvictionTimer] c.n.e.registry.AbstractInstanceRegistry  : Running the evict task with compensationTime 0ms
2026-05-31T18:49:43.169+05:00  INFO 49448 --- [eureka-server] [nio-8761-exec-1] c.n.e.registry.AbstractInstanceRegistry  : Registered instance EDUCATION-SERVICE/YDU7000424LT.mshome.net:education-service:8084 with status UP (replication=false)
2026-05-31T18:49:43.546+05:00  INFO 49448 --- [eureka-server] [nio-8761-exec-3] c.n.e.registry.AbstractInstanceRegistry  : Registered instance BUSINESS-SERVICE/YDU7000424LT.mshome.net:business-service:8083 with status UP (replication=false)
2026-05-31T18:49:58.165+05:00  INFO 49448 --- [eureka-server] [a-EvictionTimer] c.n.e.registry.AbstractInstanceRegistry  : Running the evict task with compensationTime 0ms
2026-05-31T18:50:13.168+05:00  INFO 49448 --- [eureka-server] [a-EvictionTimer] c.n.e.registry.AbstractInstanceRegistry  : Running the evict task with compensationTime 2ms
2026-05-31T18:50:27.851+05:00  INFO 49448 --- [eureka-server] [nio-8761-exec-6] c.n.e.registry.AbstractInstanceRegistry  : Registered instance MYPLUS/YDU7000424LT.mshome.net:myplus:8080 with status UP (replication=false)
2026-05-31T18:50:28.167+05:00  INFO 49448 --- [eureka-server] [a-EvictionTimer] c.n.e.registry.AbstractInstanceRegistry  : Running the evict task with compensationTime 0ms
2026-05-31T18:50:43.167+05:00  INFO 49448 --- [eureka-server] [a-EvictionTimer] c.n.e.registry.AbstractInstanceRegistry  : Running the evict task with compensationTime 0ms
2026-05-31T18:50:58.168+05:00  INFO 49448 --- [eureka-server] [a-EvictionTimer] c.n.e.registry.AbstractInstanceRegistry  : Running the evict task with compensationTime 0ms
2026-05-31T18:51:13.168+05:00  INFO 49448 --- [eureka-server] [a-EvictionTimer] c.n.e.registry.AbstractInstanceRegistry  : Running the evict task with compensationTime 0ms
2026-05-31T18:51:28.169+05:00  INFO 49448 --- [eureka-server] [a-EvictionTimer] c.n.e.registry.AbstractInstanceRegistry  : Running the evict task with compensationTime 0ms
2026-05-31T18:51:43.169+05:00  INFO 49448 --- [eureka-server] [a-EvictionTimer] c.n.e.registry.AbstractInstanceRegistry  : Running the evict task with compensationTime 0ms
2026-05-31T18:51:58.170+05:00  INFO 49448 --- [eureka-server] [a-EvictionTimer] c.n.e.registry.AbstractInstanceRegistry  : Running the evict task with compensationTime 0ms
