
  .   ____          _            __ _ _
 /\\ / ___'_ __ _ _(_)_ __  __ _ \ \ \ \
( ( )\___ | '_ | '_| | '_ \/ _` | \ \ \ \
 \\/  ___)| |_)| | | | | || (_| |  ) ) ) )
  '  |____| .__|_| |_|_| |_\__, | / / / /
 =========|_|==============|___/=/_/_/_/

 :: Spring Boot ::                (v3.5.0)

2026-06-05T11:43:35.078+05:00  INFO 16508 --- [inventory-service] [           main] c.c.c.ConfigServicePropertySourceLocator : Fetching config from server at : http://localhost:8888
2026-06-05T11:43:35.746+05:00  INFO 16508 --- [inventory-service] [           main] c.c.c.ConfigServicePropertySourceLocator : Located environment: name=inventory-service, profiles=[default], label=null, version=null, state=null
2026-06-05T11:43:35.750+05:00  INFO 16508 --- [inventory-service] [           main] b.c.PropertySourceBootstrapConfiguration : Located property source: [BootstrapPropertySource {name='bootstrapProperties-configClient'}, BootstrapPropertySource {name='bootstrapProperties-classpath:/configs/inventory-service.yml'}, BootstrapPropertySource {name='bootstrapProperties-classpath:/configs/application.yml'}]
2026-06-05T11:43:35.794+05:00  INFO 16508 --- [inventory-service] [           main] c.m.i.InventoryServiceApplication        : No active profile set, falling back to 1 default profile: "default"
2026-06-05T11:43:39.846+05:00  INFO 16508 --- [inventory-service] [           main] .s.d.r.c.RepositoryConfigurationDelegate : Bootstrapping Spring Data JPA repositories in DEFAULT mode.
2026-06-05T11:43:40.588+05:00  INFO 16508 --- [inventory-service] [           main] .s.d.r.c.RepositoryConfigurationDelegate : Finished Spring Data repository scanning in 703 ms. Found 8 JPA repository interfaces.
2026-06-05T11:43:41.750+05:00  INFO 16508 --- [inventory-service] [           main] o.s.cloud.context.scope.GenericScope     : BeanFactory id=9387c61e-8870-3ed4-8c3e-9fa4e7730c45
2026-06-05T11:43:44.071+05:00  INFO 16508 --- [inventory-service] [           main] o.s.b.w.embedded.tomcat.TomcatWebServer  : Tomcat initialized with port 8082 (http)
2026-06-05T11:43:44.167+05:00  INFO 16508 --- [inventory-service] [           main] o.apache.catalina.core.StandardService   : Starting service [Tomcat]
2026-06-05T11:43:44.168+05:00  INFO 16508 --- [inventory-service] [           main] o.apache.catalina.core.StandardEngine    : Starting Servlet engine: [Apache Tomcat/10.1.41]
2026-06-05T11:43:44.254+05:00  INFO 16508 --- [inventory-service] [           main] o.a.c.c.C.[Tomcat].[localhost].[/]       : Initializing Spring embedded WebApplicationContext
2026-06-05T11:43:44.256+05:00  INFO 16508 --- [inventory-service] [           main] w.s.c.ServletWebServerApplicationContext : Root WebApplicationContext: initialization completed in 8421 ms
2026-06-05T11:43:45.272+05:00 DEBUG 16508 --- [inventory-service] [           main] c.m.common.security.HeaderAuthFilter     : Filter 'headerAuthFilter' configured for use
2026-06-05T11:43:45.705+05:00  INFO 16508 --- [inventory-service] [           main] o.hibernate.jpa.internal.util.LogHelper  : HHH000204: Processing PersistenceUnitInfo [name: default]
2026-06-05T11:43:51.078+05:00  INFO 16508 --- [inventory-service] [           main] org.hibernate.Version                    : HHH000412: Hibernate ORM core version 6.6.15.Final
2026-06-05T11:43:51.290+05:00  INFO 16508 --- [inventory-service] [           main] o.h.c.internal.RegionFactoryInitiator    : HHH000026: Second-level cache disabled
2026-06-05T11:43:54.101+05:00  INFO 16508 --- [inventory-service] [           main] o.s.o.j.p.SpringPersistenceUnitInfo      : No LoadTimeWeaver setup: ignoring JPA class transformer
2026-06-05T11:43:54.298+05:00  INFO 16508 --- [inventory-service] [           main] com.zaxxer.hikari.HikariDataSource       : HikariPool-1 - Starting...
2026-06-05T11:43:55.029+05:00  INFO 16508 --- [inventory-service] [           main] com.zaxxer.hikari.pool.HikariPool        : HikariPool-1 - Added connection com.mysql.cj.jdbc.ConnectionImpl@17f8cad6
2026-06-05T11:43:55.035+05:00  INFO 16508 --- [inventory-service] [           main] com.zaxxer.hikari.HikariDataSource       : HikariPool-1 - Start completed.
2026-06-05T11:43:55.179+05:00  WARN 16508 --- [inventory-service] [           main] org.hibernate.orm.deprecation            : HHH90000025: MySQL8Dialect does not need to be specified explicitly using 'hibernate.dialect' (remove the property setting and it will be selected by default)
2026-06-05T11:43:55.183+05:00  WARN 16508 --- [inventory-service] [           main] org.hibernate.orm.deprecation            : HHH90000026: MySQL8Dialect has been deprecated; use org.hibernate.dialect.MySQLDialect instead
2026-06-05T11:43:55.233+05:00  INFO 16508 --- [inventory-service] [           main] org.hibernate.orm.connections.pooling    : HHH10001005: Database info:
	Database JDBC URL [Connecting through datasource 'HikariDataSource (HikariPool-1)']
	Database driver: undefined/unknown
	Database version: 8.0
	Autocommit mode: undefined/unknown
	Isolation level: undefined/unknown
	Minimum pool size: undefined/unknown
	Maximum pool size: undefined/unknown
2026-06-05T11:44:10.378+05:00  INFO 16508 --- [inventory-service] [           main] o.h.e.t.j.p.i.JtaPlatformInitiator       : HHH000489: No JTA platform available (set 'hibernate.transaction.jta.platform' to enable JTA platform integration)
2026-06-05T11:44:10.638+05:00  INFO 16508 --- [inventory-service] [           main] j.LocalContainerEntityManagerFactoryBean : Initialized JPA EntityManagerFactory for persistence unit 'default'
2026-06-05T11:44:11.413+05:00  INFO 16508 --- [inventory-service] [           main] o.s.d.j.r.query.QueryEnhancerFactory     : Hibernate is in classpath; If applicable, HQL parser will be used.
2026-06-05T11:44:17.926+05:00  WARN 16508 --- [inventory-service] [           main] .s.s.UserDetailsServiceAutoConfiguration : 

Using generated security password: 2ff5e27a-a020-46f2-a293-b3035d70b1f7

This generated password is for development use only. Your security configuration must be updated before running your application in production.

2026-06-05T11:44:17.943+05:00  INFO 16508 --- [inventory-service] [           main] r$InitializeUserDetailsManagerConfigurer : Global AuthenticationManager configured with UserDetailsService bean with name inMemoryUserDetailsManager
2026-06-05T11:44:20.432+05:00  INFO 16508 --- [inventory-service] [           main] o.s.cloud.commons.util.InetUtils         : Cannot determine local hostname
2026-06-05T11:44:24.568+05:00  INFO 16508 --- [inventory-service] [           main] o.s.b.a.e.web.EndpointLinksResolver      : Exposing 3 endpoints beneath base path '/actuator'
2026-06-05T11:44:26.494+05:00  INFO 16508 --- [inventory-service] [           main] DiscoveryClientOptionalArgsConfiguration : Eureka HTTP Client uses RestTemplate.
2026-06-05T11:44:26.721+05:00  WARN 16508 --- [inventory-service] [           main] iguration$LoadBalancerCaffeineWarnLogger : Spring Cloud LoadBalancer is currently working with the default cache. While this cache implementation is useful for development and tests, it's recommended to use Caffeine cache in production.You can switch to using Caffeine cache, by adding it and org.springframework.cache.caffeine.CaffeineCacheManager to the classpath.
2026-06-05T11:44:27.034+05:00  INFO 16508 --- [inventory-service] [           main] o.s.c.n.eureka.InstanceInfoFactory       : Setting initial instance status as: STARTING
2026-06-05T11:44:27.116+05:00  INFO 16508 --- [inventory-service] [           main] com.netflix.discovery.DiscoveryClient    : Initializing Eureka in region us-east-1
2026-06-05T11:44:27.126+05:00  INFO 16508 --- [inventory-service] [           main] c.n.d.s.r.aws.ConfigClusterResolver      : Resolving eureka endpoints via configuration
2026-06-05T11:44:27.152+05:00  INFO 16508 --- [inventory-service] [           main] com.netflix.discovery.DiscoveryClient    : Disable delta property : false
2026-06-05T11:44:27.153+05:00  INFO 16508 --- [inventory-service] [           main] com.netflix.discovery.DiscoveryClient    : Single vip registry refresh property : null
2026-06-05T11:44:27.154+05:00  INFO 16508 --- [inventory-service] [           main] com.netflix.discovery.DiscoveryClient    : Force full registry fetch : false
2026-06-05T11:44:27.155+05:00  INFO 16508 --- [inventory-service] [           main] com.netflix.discovery.DiscoveryClient    : Application is null : false
2026-06-05T11:44:27.155+05:00  INFO 16508 --- [inventory-service] [           main] com.netflix.discovery.DiscoveryClient    : Registered Applications size is zero : true
2026-06-05T11:44:27.156+05:00  INFO 16508 --- [inventory-service] [           main] com.netflix.discovery.DiscoveryClient    : Application version is -1: true
2026-06-05T11:44:27.158+05:00  INFO 16508 --- [inventory-service] [           main] com.netflix.discovery.DiscoveryClient    : Getting all instance registry info from the eureka server
2026-06-05T11:44:28.179+05:00  INFO 16508 --- [inventory-service] [           main] com.netflix.discovery.DiscoveryClient    : The response status is 200
2026-06-05T11:44:28.185+05:00  INFO 16508 --- [inventory-service] [           main] com.netflix.discovery.DiscoveryClient    : Starting heartbeat executor: renew interval is: 30
2026-06-05T11:44:28.191+05:00  INFO 16508 --- [inventory-service] [           main] c.n.discovery.InstanceInfoReplicator     : InstanceInfoReplicator onDemand update allowed rate per min is 4
2026-06-05T11:44:28.196+05:00  INFO 16508 --- [inventory-service] [           main] com.netflix.discovery.DiscoveryClient    : Discovery Client initialized at timestamp 1780641868195 with initial instances count: 4
2026-06-05T11:44:28.211+05:00  INFO 16508 --- [inventory-service] [           main] o.s.c.n.e.s.EurekaServiceRegistry        : Registering application INVENTORY-SERVICE with eureka with status UP
2026-06-05T11:44:28.213+05:00  INFO 16508 --- [inventory-service] [           main] com.netflix.discovery.DiscoveryClient    : Saw local status change event StatusChangeEvent [timestamp=1780641868213, current=UP, previous=STARTING]
2026-06-05T11:44:28.323+05:00  INFO 16508 --- [inventory-service] [           main] o.s.b.w.embedded.tomcat.TomcatWebServer  : Tomcat started on port 8082 (http) with context path '/'
2026-06-05T11:44:28.326+05:00  INFO 16508 --- [inventory-service] [           main] .s.c.n.e.s.EurekaAutoServiceRegistration : Updating port to 8082
2026-06-05T11:44:28.435+05:00  INFO 16508 --- [inventory-service] [           main] c.m.i.InventoryServiceApplication        : Started InventoryServiceApplication in 60.336 seconds (process running for 63.161)
2026-06-05T11:44:29.893+05:00  INFO 16508 --- [inventory-service] [foReplicator-%d] com.netflix.discovery.DiscoveryClient    : DiscoveryClient_INVENTORY-SERVICE/YDU7000424LT.mshome.net:inventory-service:8082: registering service...
2026-06-05T11:44:30.486+05:00  INFO 16508 --- [inventory-service] [foReplicator-%d] com.netflix.discovery.DiscoveryClient    : DiscoveryClient_INVENTORY-SERVICE/YDU7000424LT.mshome.net:inventory-service:8082 - registration status: 204
2026-06-05T11:44:30.703+05:00 DEBUG 16508 --- [inventory-service] [   scheduling-1] org.hibernate.SQL                        : 
    select
        p1_0.id,
        p1_0.category_id,
        p1_0.cost_price,
        p1_0.created_at,
        p1_0.created_by,
        p1_0.current_stock,
        p1_0.description,
        p1_0.image_url,
        p1_0.is_active,
        p1_0.max_stock_level,
        p1_0.min_stock_level,
        p1_0.name,
        p1_0.reorder_point,
        p1_0.selling_price,
        p1_0.sku,
        p1_0.tax_rate,
        p1_0.unit,
        p1_0.updated_at 
    from
        products p1_0 
    where
        p1_0.current_stock<=p1_0.min_stock_level
Hibernate: 
    select
        p1_0.id,
        p1_0.category_id,
        p1_0.cost_price,
        p1_0.created_at,
        p1_0.created_by,
        p1_0.current_stock,
        p1_0.description,
        p1_0.image_url,
        p1_0.is_active,
        p1_0.max_stock_level,
        p1_0.min_stock_level,
        p1_0.name,
        p1_0.reorder_point,
        p1_0.selling_price,
        p1_0.sku,
        p1_0.tax_rate,
        p1_0.unit,
        p1_0.updated_at 
    from
        products p1_0 
    where
        p1_0.current_stock<=p1_0.min_stock_level
2026-06-05T11:49:27.163+05:00  INFO 16508 --- [inventory-service] [rap-executor-%d] c.n.d.s.r.aws.ConfigClusterResolver      : Resolving eureka endpoints via configuration
2026-06-05T11:54:27.166+05:00  INFO 16508 --- [inventory-service] [rap-executor-%d] c.n.d.s.r.aws.ConfigClusterResolver      : Resolving eureka endpoints via configuration
2026-06-05T11:59:27.168+05:00  INFO 16508 --- [inventory-service] [rap-executor-%d] c.n.d.s.r.aws.ConfigClusterResolver      : Resolving eureka endpoints via configuration
2026-06-05T12:04:27.171+05:00  INFO 16508 --- [inventory-service] [rap-executor-%d] c.n.d.s.r.aws.ConfigClusterResolver      : Resolving eureka endpoints via configuration
2026-06-05T12:09:27.173+05:00  INFO 16508 --- [inventory-service] [rap-executor-%d] c.n.d.s.r.aws.ConfigClusterResolver      : Resolving eureka endpoints via configuration
