
  .   ____          _            __ _ _
 /\\ / ___'_ __ _ _(_)_ __  __ _ \ \ \ \
( ( )\___ | '_ | '_| | '_ \/ _` | \ \ \ \
 \\/  ___)| |_)| | | | | || (_| |  ) ) ) )
  '  |____| .__|_| |_|_| |_\__, | / / / /
 =========|_|==============|___/=/_/_/_/

 :: Spring Boot ::                (v3.5.0)

2026-06-05T11:44:42.233+05:00  INFO 57260 --- [marketplace-service] [           main] c.c.c.ConfigServicePropertySourceLocator : Fetching config from server at : http://localhost:8888
2026-06-05T11:44:43.914+05:00  INFO 57260 --- [marketplace-service] [           main] c.c.c.ConfigServicePropertySourceLocator : Located environment: name=marketplace-service, profiles=[default], label=null, version=null, state=null
2026-06-05T11:44:43.919+05:00  INFO 57260 --- [marketplace-service] [           main] b.c.PropertySourceBootstrapConfiguration : Located property source: [BootstrapPropertySource {name='bootstrapProperties-configClient'}, BootstrapPropertySource {name='bootstrapProperties-classpath:/configs/marketplace-service.yml'}, BootstrapPropertySource {name='bootstrapProperties-classpath:/configs/application.yml'}]
2026-06-05T11:44:44.034+05:00  INFO 57260 --- [marketplace-service] [           main] c.m.m.MarketplaceServiceApplication      : No active profile set, falling back to 1 default profile: "default"
2026-06-05T11:44:50.113+05:00  INFO 57260 --- [marketplace-service] [           main] .s.d.r.c.RepositoryConfigurationDelegate : Bootstrapping Spring Data JPA repositories in DEFAULT mode.
2026-06-05T11:44:50.212+05:00  INFO 57260 --- [marketplace-service] [           main] .s.d.r.c.RepositoryConfigurationDelegate : Finished Spring Data repository scanning in 44 ms. Found 0 JPA repository interfaces.
2026-06-05T11:44:51.413+05:00  INFO 57260 --- [marketplace-service] [           main] o.s.cloud.context.scope.GenericScope     : BeanFactory id=b3904eec-5e6b-366c-be02-31d92c8524dc
2026-06-05T11:44:53.825+05:00  INFO 57260 --- [marketplace-service] [           main] o.s.b.w.embedded.tomcat.TomcatWebServer  : Tomcat initialized with port 8088 (http)
2026-06-05T11:44:53.872+05:00  INFO 57260 --- [marketplace-service] [           main] o.apache.catalina.core.StandardService   : Starting service [Tomcat]
2026-06-05T11:44:53.873+05:00  INFO 57260 --- [marketplace-service] [           main] o.apache.catalina.core.StandardEngine    : Starting Servlet engine: [Apache Tomcat/10.1.41]
2026-06-05T11:44:53.984+05:00  INFO 57260 --- [marketplace-service] [           main] o.a.c.c.C.[Tomcat].[localhost].[/]       : Initializing Spring embedded WebApplicationContext
2026-06-05T11:44:53.987+05:00  INFO 57260 --- [marketplace-service] [           main] w.s.c.ServletWebServerApplicationContext : Root WebApplicationContext: initialization completed in 9878 ms
2026-06-05T11:44:54.808+05:00 DEBUG 57260 --- [marketplace-service] [           main] c.m.common.security.HeaderAuthFilter     : Filter 'headerAuthFilter' configured for use
2026-06-05T11:44:55.460+05:00  INFO 57260 --- [marketplace-service] [           main] o.hibernate.jpa.internal.util.LogHelper  : HHH000204: Processing PersistenceUnitInfo [name: default]
2026-06-05T11:44:55.747+05:00  INFO 57260 --- [marketplace-service] [           main] org.hibernate.Version                    : HHH000412: Hibernate ORM core version 6.6.15.Final
2026-06-05T11:44:55.880+05:00  INFO 57260 --- [marketplace-service] [           main] o.h.c.internal.RegionFactoryInitiator    : HHH000026: Second-level cache disabled
2026-06-05T11:44:57.272+05:00  INFO 57260 --- [marketplace-service] [           main] o.s.o.j.p.SpringPersistenceUnitInfo      : No LoadTimeWeaver setup: ignoring JPA class transformer
2026-06-05T11:44:57.373+05:00  INFO 57260 --- [marketplace-service] [           main] com.zaxxer.hikari.HikariDataSource       : HikariPool-1 - Starting...
2026-06-05T11:44:58.121+05:00  INFO 57260 --- [marketplace-service] [           main] com.zaxxer.hikari.pool.HikariPool        : HikariPool-1 - Added connection com.mysql.cj.jdbc.ConnectionImpl@434b2e0c
2026-06-05T11:44:58.126+05:00  INFO 57260 --- [marketplace-service] [           main] com.zaxxer.hikari.HikariDataSource       : HikariPool-1 - Start completed.
2026-06-05T11:44:58.270+05:00  WARN 57260 --- [marketplace-service] [           main] org.hibernate.orm.deprecation            : HHH90000025: MySQL8Dialect does not need to be specified explicitly using 'hibernate.dialect' (remove the property setting and it will be selected by default)
2026-06-05T11:44:58.275+05:00  WARN 57260 --- [marketplace-service] [           main] org.hibernate.orm.deprecation            : HHH90000026: MySQL8Dialect has been deprecated; use org.hibernate.dialect.MySQLDialect instead
2026-06-05T11:44:58.334+05:00  INFO 57260 --- [marketplace-service] [           main] org.hibernate.orm.connections.pooling    : HHH10001005: Database info:
	Database JDBC URL [Connecting through datasource 'HikariDataSource (HikariPool-1)']
	Database driver: undefined/unknown
	Database version: 8.0
	Autocommit mode: undefined/unknown
	Isolation level: undefined/unknown
	Minimum pool size: undefined/unknown
	Maximum pool size: undefined/unknown
2026-06-05T11:44:59.362+05:00  INFO 57260 --- [marketplace-service] [           main] o.h.e.t.j.p.i.JtaPlatformInitiator       : HHH000489: No JTA platform available (set 'hibernate.transaction.jta.platform' to enable JTA platform integration)
2026-06-05T11:44:59.375+05:00 DEBUG 57260 --- [marketplace-service] [           main] .h.t.s.s.SchemaManagementToolCoordinator : No actions found; doing nothing
2026-06-05T11:44:59.381+05:00  INFO 57260 --- [marketplace-service] [           main] j.LocalContainerEntityManagerFactoryBean : Initialized JPA EntityManagerFactory for persistence unit 'default'
2026-06-05T11:44:59.724+05:00  WARN 57260 --- [marketplace-service] [           main] .s.s.UserDetailsServiceAutoConfiguration : 

Using generated security password: b03c1ccd-f3a9-41e2-8fab-931e0e2b7fcd

This generated password is for development use only. Your security configuration must be updated before running your application in production.

2026-06-05T11:44:59.742+05:00  INFO 57260 --- [marketplace-service] [           main] r$InitializeUserDetailsManagerConfigurer : Global AuthenticationManager configured with UserDetailsService bean with name inMemoryUserDetailsManager
2026-06-05T11:45:01.386+05:00  INFO 57260 --- [marketplace-service] [           main] o.s.b.a.e.web.EndpointLinksResolver      : Exposing 3 endpoints beneath base path '/actuator'
2026-06-05T11:45:03.408+05:00  INFO 57260 --- [marketplace-service] [           main] DiscoveryClientOptionalArgsConfiguration : Eureka HTTP Client uses RestTemplate.
2026-06-05T11:45:03.562+05:00  WARN 57260 --- [marketplace-service] [           main] iguration$LoadBalancerCaffeineWarnLogger : Spring Cloud LoadBalancer is currently working with the default cache. While this cache implementation is useful for development and tests, it's recommended to use Caffeine cache in production.You can switch to using Caffeine cache, by adding it and org.springframework.cache.caffeine.CaffeineCacheManager to the classpath.
2026-06-05T11:45:03.765+05:00  INFO 57260 --- [marketplace-service] [           main] o.s.c.n.eureka.InstanceInfoFactory       : Setting initial instance status as: STARTING
2026-06-05T11:45:03.902+05:00  INFO 57260 --- [marketplace-service] [           main] com.netflix.discovery.DiscoveryClient    : Initializing Eureka in region us-east-1
2026-06-05T11:45:03.925+05:00  INFO 57260 --- [marketplace-service] [           main] c.n.d.s.r.aws.ConfigClusterResolver      : Resolving eureka endpoints via configuration
2026-06-05T11:45:03.956+05:00  INFO 57260 --- [marketplace-service] [           main] com.netflix.discovery.DiscoveryClient    : Disable delta property : false
2026-06-05T11:45:03.957+05:00  INFO 57260 --- [marketplace-service] [           main] com.netflix.discovery.DiscoveryClient    : Single vip registry refresh property : null
2026-06-05T11:45:03.958+05:00  INFO 57260 --- [marketplace-service] [           main] com.netflix.discovery.DiscoveryClient    : Force full registry fetch : false
2026-06-05T11:45:03.959+05:00  INFO 57260 --- [marketplace-service] [           main] com.netflix.discovery.DiscoveryClient    : Application is null : false
2026-06-05T11:45:03.960+05:00  INFO 57260 --- [marketplace-service] [           main] com.netflix.discovery.DiscoveryClient    : Registered Applications size is zero : true
2026-06-05T11:45:03.961+05:00  INFO 57260 --- [marketplace-service] [           main] com.netflix.discovery.DiscoveryClient    : Application version is -1: true
2026-06-05T11:45:03.962+05:00  INFO 57260 --- [marketplace-service] [           main] com.netflix.discovery.DiscoveryClient    : Getting all instance registry info from the eureka server
2026-06-05T11:45:05.079+05:00  INFO 57260 --- [marketplace-service] [           main] com.netflix.discovery.DiscoveryClient    : The response status is 200
2026-06-05T11:45:05.086+05:00  INFO 57260 --- [marketplace-service] [           main] com.netflix.discovery.DiscoveryClient    : Starting heartbeat executor: renew interval is: 30
2026-06-05T11:45:05.092+05:00  INFO 57260 --- [marketplace-service] [           main] c.n.discovery.InstanceInfoReplicator     : InstanceInfoReplicator onDemand update allowed rate per min is 4
2026-06-05T11:45:05.097+05:00  INFO 57260 --- [marketplace-service] [           main] com.netflix.discovery.DiscoveryClient    : Discovery Client initialized at timestamp 1780641905096 with initial instances count: 10
2026-06-05T11:45:05.108+05:00  INFO 57260 --- [marketplace-service] [           main] o.s.c.n.e.s.EurekaServiceRegistry        : Registering application MARKETPLACE-SERVICE with eureka with status UP
2026-06-05T11:45:05.110+05:00  INFO 57260 --- [marketplace-service] [           main] com.netflix.discovery.DiscoveryClient    : Saw local status change event StatusChangeEvent [timestamp=1780641905110, current=UP, previous=STARTING]
2026-06-05T11:45:05.116+05:00  INFO 57260 --- [marketplace-service] [foReplicator-%d] com.netflix.discovery.DiscoveryClient    : DiscoveryClient_MARKETPLACE-SERVICE/YDU7000424LT.mshome.net:marketplace-service:8088: registering service...
2026-06-05T11:45:05.212+05:00  INFO 57260 --- [marketplace-service] [           main] o.s.b.w.embedded.tomcat.TomcatWebServer  : Tomcat started on port 8088 (http) with context path '/'
2026-06-05T11:45:05.215+05:00  INFO 57260 --- [marketplace-service] [           main] .s.c.n.e.s.EurekaAutoServiceRegistration : Updating port to 8088
2026-06-05T11:45:05.275+05:00  INFO 57260 --- [marketplace-service] [foReplicator-%d] com.netflix.discovery.DiscoveryClient    : DiscoveryClient_MARKETPLACE-SERVICE/YDU7000424LT.mshome.net:marketplace-service:8088 - registration status: 204
2026-06-05T11:45:05.290+05:00  INFO 57260 --- [marketplace-service] [           main] c.m.m.MarketplaceServiceApplication      : Started MarketplaceServiceApplication in 31.303 seconds (process running for 43.839)
2026-06-05T11:50:03.966+05:00  INFO 57260 --- [marketplace-service] [rap-executor-%d] c.n.d.s.r.aws.ConfigClusterResolver      : Resolving eureka endpoints via configuration
2026-06-05T11:55:03.969+05:00  INFO 57260 --- [marketplace-service] [rap-executor-%d] c.n.d.s.r.aws.ConfigClusterResolver      : Resolving eureka endpoints via configuration
2026-06-05T12:00:03.973+05:00  INFO 57260 --- [marketplace-service] [rap-executor-%d] c.n.d.s.r.aws.ConfigClusterResolver      : Resolving eureka endpoints via configuration
2026-06-05T12:05:03.975+05:00  INFO 57260 --- [marketplace-service] [rap-executor-%d] c.n.d.s.r.aws.ConfigClusterResolver      : Resolving eureka endpoints via configuration
2026-06-05T12:10:03.980+05:00  INFO 57260 --- [marketplace-service] [rap-executor-%d] c.n.d.s.r.aws.ConfigClusterResolver      : Resolving eureka endpoints via configuration
2026-06-05T12:15:03.982+05:00  INFO 57260 --- [marketplace-service] [rap-executor-%d] c.n.d.s.r.aws.ConfigClusterResolver      : Resolving eureka endpoints via configuration
2026-06-05T12:20:03.989+05:00  INFO 57260 --- [marketplace-service] [rap-executor-%d] c.n.d.s.r.aws.ConfigClusterResolver      : Resolving eureka endpoints via configuration
2026-06-05T12:25:03.991+05:00  INFO 57260 --- [marketplace-service] [rap-executor-%d] c.n.d.s.r.aws.ConfigClusterResolver      : Resolving eureka endpoints via configuration
2026-06-05T12:30:03.994+05:00  INFO 57260 --- [marketplace-service] [rap-executor-%d] c.n.d.s.r.aws.ConfigClusterResolver      : Resolving eureka endpoints via configuration
2026-06-05T13:00:18.965+05:00  WARN 57260 --- [marketplace-service] [l-1:housekeeper] com.zaxxer.hikari.pool.HikariPool        : HikariPool-1 - Thread starvation or clock leap detected (housekeeper delta=26m50s565ms237µs300ns).
2026-06-05T13:01:24.560+05:00  INFO 57260 --- [marketplace-service] [rap-executor-%d] c.n.d.s.r.aws.ConfigClusterResolver      : Resolving eureka endpoints via configuration
