
  .   ____          _            __ _ _
 /\\ / ___'_ __ _ _(_)_ __  __ _ \ \ \ \
( ( )\___ | '_ | '_| | '_ \/ _` | \ \ \ \
 \\/  ___)| |_)| | | | | || (_| |  ) ) ) )
  '  |____| .__|_| |_|_| |_\__, | / / / /
 =========|_|==============|___/=/_/_/_/

 :: Spring Boot ::                (v3.5.0)

2026-06-05T11:43:55.217+05:00  INFO 56112 --- [pharma-service] [           main] c.c.c.ConfigServicePropertySourceLocator : Fetching config from server at : http://localhost:8888
2026-06-05T11:43:55.888+05:00  INFO 56112 --- [pharma-service] [           main] c.c.c.ConfigServicePropertySourceLocator : Located environment: name=pharma-service, profiles=[default], label=null, version=null, state=null
2026-06-05T11:43:55.892+05:00  INFO 56112 --- [pharma-service] [           main] b.c.PropertySourceBootstrapConfiguration : Located property source: [BootstrapPropertySource {name='bootstrapProperties-configClient'}, BootstrapPropertySource {name='bootstrapProperties-classpath:/configs/pharma-service.yml'}, BootstrapPropertySource {name='bootstrapProperties-classpath:/configs/application.yml'}]
2026-06-05T11:43:55.938+05:00  INFO 56112 --- [pharma-service] [           main] c.m.pharma.PharmaServiceApplication      : No active profile set, falling back to 1 default profile: "default"
2026-06-05T11:44:00.248+05:00  INFO 56112 --- [pharma-service] [           main] .s.d.r.c.RepositoryConfigurationDelegate : Bootstrapping Spring Data JPA repositories in DEFAULT mode.
2026-06-05T11:44:01.090+05:00  INFO 56112 --- [pharma-service] [           main] .s.d.r.c.RepositoryConfigurationDelegate : Finished Spring Data repository scanning in 798 ms. Found 5 JPA repository interfaces.
2026-06-05T11:44:02.682+05:00  INFO 56112 --- [pharma-service] [           main] o.s.cloud.context.scope.GenericScope     : BeanFactory id=2236198b-30e9-37f0-a681-07882f1fad7f
2026-06-05T11:44:05.063+05:00  INFO 56112 --- [pharma-service] [           main] o.s.b.w.embedded.tomcat.TomcatWebServer  : Tomcat initialized with port 8087 (http)
2026-06-05T11:44:05.137+05:00  INFO 56112 --- [pharma-service] [           main] o.apache.catalina.core.StandardService   : Starting service [Tomcat]
2026-06-05T11:44:05.139+05:00  INFO 56112 --- [pharma-service] [           main] o.apache.catalina.core.StandardEngine    : Starting Servlet engine: [Apache Tomcat/10.1.41]
2026-06-05T11:44:05.231+05:00  INFO 56112 --- [pharma-service] [           main] o.a.c.c.C.[Tomcat].[localhost].[/]       : Initializing Spring embedded WebApplicationContext
2026-06-05T11:44:05.233+05:00  INFO 56112 --- [pharma-service] [           main] w.s.c.ServletWebServerApplicationContext : Root WebApplicationContext: initialization completed in 9262 ms
2026-06-05T11:44:06.134+05:00 DEBUG 56112 --- [pharma-service] [           main] c.m.common.security.HeaderAuthFilter     : Filter 'headerAuthFilter' configured for use
2026-06-05T11:44:06.932+05:00  INFO 56112 --- [pharma-service] [           main] o.hibernate.jpa.internal.util.LogHelper  : HHH000204: Processing PersistenceUnitInfo [name: default]
2026-06-05T11:44:15.990+05:00  INFO 56112 --- [pharma-service] [           main] org.hibernate.Version                    : HHH000412: Hibernate ORM core version 6.6.15.Final
2026-06-05T11:44:16.188+05:00  INFO 56112 --- [pharma-service] [           main] o.h.c.internal.RegionFactoryInitiator    : HHH000026: Second-level cache disabled
2026-06-05T11:44:17.422+05:00  INFO 56112 --- [pharma-service] [           main] o.s.o.j.p.SpringPersistenceUnitInfo      : No LoadTimeWeaver setup: ignoring JPA class transformer
2026-06-05T11:44:17.578+05:00  INFO 56112 --- [pharma-service] [           main] com.zaxxer.hikari.HikariDataSource       : HikariPool-1 - Starting...
2026-06-05T11:44:18.284+05:00  INFO 56112 --- [pharma-service] [           main] com.zaxxer.hikari.pool.HikariPool        : HikariPool-1 - Added connection com.mysql.cj.jdbc.ConnectionImpl@68f264bf
2026-06-05T11:44:18.289+05:00  INFO 56112 --- [pharma-service] [           main] com.zaxxer.hikari.HikariDataSource       : HikariPool-1 - Start completed.
2026-06-05T11:44:18.433+05:00  WARN 56112 --- [pharma-service] [           main] org.hibernate.orm.deprecation            : HHH90000025: MySQL8Dialect does not need to be specified explicitly using 'hibernate.dialect' (remove the property setting and it will be selected by default)
2026-06-05T11:44:18.437+05:00  WARN 56112 --- [pharma-service] [           main] org.hibernate.orm.deprecation            : HHH90000026: MySQL8Dialect has been deprecated; use org.hibernate.dialect.MySQLDialect instead
2026-06-05T11:44:18.482+05:00  INFO 56112 --- [pharma-service] [           main] org.hibernate.orm.connections.pooling    : HHH10001005: Database info:
	Database JDBC URL [Connecting through datasource 'HikariDataSource (HikariPool-1)']
	Database driver: undefined/unknown
	Database version: 8.0
	Autocommit mode: undefined/unknown
	Isolation level: undefined/unknown
	Minimum pool size: undefined/unknown
	Maximum pool size: undefined/unknown
2026-06-05T11:44:23.259+05:00  INFO 56112 --- [pharma-service] [           main] o.h.e.t.j.p.i.JtaPlatformInitiator       : HHH000489: No JTA platform available (set 'hibernate.transaction.jta.platform' to enable JTA platform integration)
2026-06-05T11:44:23.534+05:00  INFO 56112 --- [pharma-service] [           main] j.LocalContainerEntityManagerFactoryBean : Initialized JPA EntityManagerFactory for persistence unit 'default'
2026-06-05T11:44:23.833+05:00  WARN 56112 --- [pharma-service] [           main] .s.s.UserDetailsServiceAutoConfiguration : 

Using generated security password: 4d679a43-afd4-4cef-a382-7759f725303e

This generated password is for development use only. Your security configuration must be updated before running your application in production.

2026-06-05T11:44:23.848+05:00  INFO 56112 --- [pharma-service] [           main] r$InitializeUserDetailsManagerConfigurer : Global AuthenticationManager configured with UserDetailsService bean with name inMemoryUserDetailsManager
2026-06-05T11:44:26.496+05:00  INFO 56112 --- [pharma-service] [           main] o.s.cloud.commons.util.InetUtils         : Cannot determine local hostname
2026-06-05T11:44:29.113+05:00  INFO 56112 --- [pharma-service] [           main] o.s.b.a.e.web.EndpointLinksResolver      : Exposing 3 endpoints beneath base path '/actuator'
2026-06-05T11:44:33.131+05:00  INFO 56112 --- [pharma-service] [           main] o.s.d.j.r.query.QueryEnhancerFactory     : Hibernate is in classpath; If applicable, HQL parser will be used.
2026-06-05T11:44:35.794+05:00  INFO 56112 --- [pharma-service] [           main] DiscoveryClientOptionalArgsConfiguration : Eureka HTTP Client uses RestTemplate.
2026-06-05T11:44:35.963+05:00  WARN 56112 --- [pharma-service] [           main] iguration$LoadBalancerCaffeineWarnLogger : Spring Cloud LoadBalancer is currently working with the default cache. While this cache implementation is useful for development and tests, it's recommended to use Caffeine cache in production.You can switch to using Caffeine cache, by adding it and org.springframework.cache.caffeine.CaffeineCacheManager to the classpath.
2026-06-05T11:44:36.155+05:00  INFO 56112 --- [pharma-service] [           main] o.s.c.n.eureka.InstanceInfoFactory       : Setting initial instance status as: STARTING
2026-06-05T11:44:36.245+05:00  INFO 56112 --- [pharma-service] [           main] com.netflix.discovery.DiscoveryClient    : Initializing Eureka in region us-east-1
2026-06-05T11:44:36.258+05:00  INFO 56112 --- [pharma-service] [           main] c.n.d.s.r.aws.ConfigClusterResolver      : Resolving eureka endpoints via configuration
2026-06-05T11:44:36.289+05:00  INFO 56112 --- [pharma-service] [           main] com.netflix.discovery.DiscoveryClient    : Disable delta property : false
2026-06-05T11:44:36.290+05:00  INFO 56112 --- [pharma-service] [           main] com.netflix.discovery.DiscoveryClient    : Single vip registry refresh property : null
2026-06-05T11:44:36.292+05:00  INFO 56112 --- [pharma-service] [           main] com.netflix.discovery.DiscoveryClient    : Force full registry fetch : false
2026-06-05T11:44:36.293+05:00  INFO 56112 --- [pharma-service] [           main] com.netflix.discovery.DiscoveryClient    : Application is null : false
2026-06-05T11:44:36.294+05:00  INFO 56112 --- [pharma-service] [           main] com.netflix.discovery.DiscoveryClient    : Registered Applications size is zero : true
2026-06-05T11:44:36.295+05:00  INFO 56112 --- [pharma-service] [           main] com.netflix.discovery.DiscoveryClient    : Application version is -1: true
2026-06-05T11:44:36.296+05:00  INFO 56112 --- [pharma-service] [           main] com.netflix.discovery.DiscoveryClient    : Getting all instance registry info from the eureka server
2026-06-05T11:44:37.565+05:00  INFO 56112 --- [pharma-service] [           main] com.netflix.discovery.DiscoveryClient    : The response status is 200
2026-06-05T11:44:37.571+05:00  INFO 56112 --- [pharma-service] [           main] com.netflix.discovery.DiscoveryClient    : Starting heartbeat executor: renew interval is: 30
2026-06-05T11:44:37.577+05:00  INFO 56112 --- [pharma-service] [           main] c.n.discovery.InstanceInfoReplicator     : InstanceInfoReplicator onDemand update allowed rate per min is 4
2026-06-05T11:44:37.582+05:00  INFO 56112 --- [pharma-service] [           main] com.netflix.discovery.DiscoveryClient    : Discovery Client initialized at timestamp 1780641877581 with initial instances count: 4
2026-06-05T11:44:37.594+05:00  INFO 56112 --- [pharma-service] [           main] o.s.c.n.e.s.EurekaServiceRegistry        : Registering application PHARMA-SERVICE with eureka with status UP
2026-06-05T11:44:37.596+05:00  INFO 56112 --- [pharma-service] [           main] com.netflix.discovery.DiscoveryClient    : Saw local status change event StatusChangeEvent [timestamp=1780641877596, current=UP, previous=STARTING]
2026-06-05T11:44:37.615+05:00  INFO 56112 --- [pharma-service] [foReplicator-%d] com.netflix.discovery.DiscoveryClient    : DiscoveryClient_PHARMA-SERVICE/YDU7000424LT.mshome.net:pharma-service:8087: registering service...
2026-06-05T11:44:37.921+05:00  INFO 56112 --- [pharma-service] [foReplicator-%d] com.netflix.discovery.DiscoveryClient    : DiscoveryClient_PHARMA-SERVICE/YDU7000424LT.mshome.net:pharma-service:8087 - registration status: 204
2026-06-05T11:44:38.207+05:00  INFO 56112 --- [pharma-service] [           main] o.s.b.w.embedded.tomcat.TomcatWebServer  : Tomcat started on port 8087 (http) with context path '/'
2026-06-05T11:44:38.211+05:00  INFO 56112 --- [pharma-service] [           main] .s.c.n.e.s.EurekaAutoServiceRegistration : Updating port to 8087
2026-06-05T11:44:38.373+05:00  INFO 56112 --- [pharma-service] [           main] c.m.pharma.PharmaServiceApplication      : Started PharmaServiceApplication in 48.33 seconds (process running for 50.602)
2026-06-05T11:49:36.301+05:00  INFO 56112 --- [pharma-service] [rap-executor-%d] c.n.d.s.r.aws.ConfigClusterResolver      : Resolving eureka endpoints via configuration
2026-06-05T11:54:36.303+05:00  INFO 56112 --- [pharma-service] [rap-executor-%d] c.n.d.s.r.aws.ConfigClusterResolver      : Resolving eureka endpoints via configuration
2026-06-05T11:59:36.305+05:00  INFO 56112 --- [pharma-service] [rap-executor-%d] c.n.d.s.r.aws.ConfigClusterResolver      : Resolving eureka endpoints via configuration
2026-06-05T12:04:36.307+05:00  INFO 56112 --- [pharma-service] [rap-executor-%d] c.n.d.s.r.aws.ConfigClusterResolver      : Resolving eureka endpoints via configuration
2026-06-05T12:09:36.309+05:00  INFO 56112 --- [pharma-service] [rap-executor-%d] c.n.d.s.r.aws.ConfigClusterResolver      : Resolving eureka endpoints via configuration
2026-06-05T12:14:36.312+05:00  INFO 56112 --- [pharma-service] [rap-executor-%d] c.n.d.s.r.aws.ConfigClusterResolver      : Resolving eureka endpoints via configuration
2026-06-05T12:19:36.313+05:00  INFO 56112 --- [pharma-service] [rap-executor-%d] c.n.d.s.r.aws.ConfigClusterResolver      : Resolving eureka endpoints via configuration
2026-06-05T12:24:36.315+05:00  INFO 56112 --- [pharma-service] [rap-executor-%d] c.n.d.s.r.aws.ConfigClusterResolver      : Resolving eureka endpoints via configuration
2026-06-05T12:29:36.320+05:00  INFO 56112 --- [pharma-service] [rap-executor-%d] c.n.d.s.r.aws.ConfigClusterResolver      : Resolving eureka endpoints via configuration
2026-06-05T13:00:39.110+05:00  WARN 56112 --- [pharma-service] [l-1:housekeeper] com.zaxxer.hikari.pool.HikariPool        : HikariPool-1 - Thread starvation or clock leap detected (housekeeper delta=26m50s565ms448µs100ns).
2026-06-05T13:00:56.886+05:00  INFO 56112 --- [pharma-service] [rap-executor-%d] c.n.d.s.r.aws.ConfigClusterResolver      : Resolving eureka endpoints via configuration
