
  .   ____          _            __ _ _
 /\\ / ___'_ __ _ _(_)_ __  __ _ \ \ \ \
( ( )\___ | '_ | '_| | '_ \/ _` | \ \ \ \
 \\/  ___)| |_)| | | | | || (_| |  ) ) ) )
  '  |____| .__|_| |_|_| |_\__, | / / / /
 =========|_|==============|___/=/_/_/_/

 :: Spring Boot ::                (v3.5.0)

2026-06-05T11:43:48.414+05:00  INFO 35512 --- [welfare-service] [           main] c.c.c.ConfigServicePropertySourceLocator : Fetching config from server at : http://localhost:8888
2026-06-05T11:43:50.642+05:00  INFO 35512 --- [welfare-service] [           main] c.c.c.ConfigServicePropertySourceLocator : Located environment: name=welfare-service, profiles=[default], label=null, version=null, state=null
2026-06-05T11:43:50.647+05:00  INFO 35512 --- [welfare-service] [           main] b.c.PropertySourceBootstrapConfiguration : Located property source: [BootstrapPropertySource {name='bootstrapProperties-configClient'}, BootstrapPropertySource {name='bootstrapProperties-classpath:/configs/welfare-service.yml'}, BootstrapPropertySource {name='bootstrapProperties-classpath:/configs/application.yml'}]
2026-06-05T11:43:50.760+05:00  INFO 35512 --- [welfare-service] [           main] c.m.welfare.WelfareServiceApplication    : No active profile set, falling back to 1 default profile: "default"
2026-06-05T11:43:55.614+05:00  INFO 35512 --- [welfare-service] [           main] .s.d.r.c.RepositoryConfigurationDelegate : Bootstrapping Spring Data JPA repositories in DEFAULT mode.
2026-06-05T11:43:56.278+05:00  INFO 35512 --- [welfare-service] [           main] .s.d.r.c.RepositoryConfigurationDelegate : Finished Spring Data repository scanning in 631 ms. Found 2 JPA repository interfaces.
2026-06-05T11:43:57.599+05:00  INFO 35512 --- [welfare-service] [           main] o.s.cloud.context.scope.GenericScope     : BeanFactory id=0cc3c143-0e32-3ad7-ae40-ae910b8c6fc0
2026-06-05T11:44:01.075+05:00  INFO 35512 --- [welfare-service] [           main] o.s.b.w.embedded.tomcat.TomcatWebServer  : Tomcat initialized with port 8085 (http)
2026-06-05T11:44:01.146+05:00  INFO 35512 --- [welfare-service] [           main] o.apache.catalina.core.StandardService   : Starting service [Tomcat]
2026-06-05T11:44:01.147+05:00  INFO 35512 --- [welfare-service] [           main] o.apache.catalina.core.StandardEngine    : Starting Servlet engine: [Apache Tomcat/10.1.41]
2026-06-05T11:44:01.287+05:00  INFO 35512 --- [welfare-service] [           main] o.a.c.c.C.[Tomcat].[localhost].[/]       : Initializing Spring embedded WebApplicationContext
2026-06-05T11:44:01.289+05:00  INFO 35512 --- [welfare-service] [           main] w.s.c.ServletWebServerApplicationContext : Root WebApplicationContext: initialization completed in 10486 ms
2026-06-05T11:44:02.305+05:00 DEBUG 35512 --- [welfare-service] [           main] c.m.common.security.HeaderAuthFilter     : Filter 'headerAuthFilter' configured for use
2026-06-05T11:44:02.907+05:00  INFO 35512 --- [welfare-service] [           main] o.hibernate.jpa.internal.util.LogHelper  : HHH000204: Processing PersistenceUnitInfo [name: default]
2026-06-05T11:44:11.111+05:00  INFO 35512 --- [welfare-service] [           main] org.hibernate.Version                    : HHH000412: Hibernate ORM core version 6.6.15.Final
2026-06-05T11:44:11.221+05:00  INFO 35512 --- [welfare-service] [           main] o.h.c.internal.RegionFactoryInitiator    : HHH000026: Second-level cache disabled
2026-06-05T11:44:12.249+05:00  INFO 35512 --- [welfare-service] [           main] o.s.o.j.p.SpringPersistenceUnitInfo      : No LoadTimeWeaver setup: ignoring JPA class transformer
2026-06-05T11:44:12.367+05:00  INFO 35512 --- [welfare-service] [           main] com.zaxxer.hikari.HikariDataSource       : HikariPool-1 - Starting...
2026-06-05T11:44:13.027+05:00  INFO 35512 --- [welfare-service] [           main] com.zaxxer.hikari.pool.HikariPool        : HikariPool-1 - Added connection com.mysql.cj.jdbc.ConnectionImpl@53551fef
2026-06-05T11:44:13.033+05:00  INFO 35512 --- [welfare-service] [           main] com.zaxxer.hikari.HikariDataSource       : HikariPool-1 - Start completed.
2026-06-05T11:44:13.183+05:00  WARN 35512 --- [welfare-service] [           main] org.hibernate.orm.deprecation            : HHH90000025: MySQL8Dialect does not need to be specified explicitly using 'hibernate.dialect' (remove the property setting and it will be selected by default)
2026-06-05T11:44:13.187+05:00  WARN 35512 --- [welfare-service] [           main] org.hibernate.orm.deprecation            : HHH90000026: MySQL8Dialect has been deprecated; use org.hibernate.dialect.MySQLDialect instead
2026-06-05T11:44:13.250+05:00  INFO 35512 --- [welfare-service] [           main] org.hibernate.orm.connections.pooling    : HHH10001005: Database info:
	Database JDBC URL [Connecting through datasource 'HikariDataSource (HikariPool-1)']
	Database driver: undefined/unknown
	Database version: 8.0
	Autocommit mode: undefined/unknown
	Isolation level: undefined/unknown
	Minimum pool size: undefined/unknown
	Maximum pool size: undefined/unknown
2026-06-05T11:44:13.801+05:00  WARN 35512 --- [welfare-service] [           main] o.h.boot.model.internal.ToOneBinder      : HHH000491: 'com.myplus.welfare.entity.Donation.donator' uses both @NotFound and FetchType.LAZY. @ManyToOne and @OneToOne associations mapped with @NotFound are forced to EAGER fetching.
2026-06-05T11:44:17.132+05:00  INFO 35512 --- [welfare-service] [           main] o.h.e.t.j.p.i.JtaPlatformInitiator       : HHH000489: No JTA platform available (set 'hibernate.transaction.jta.platform' to enable JTA platform integration)
2026-06-05T11:44:17.302+05:00  INFO 35512 --- [welfare-service] [           main] j.LocalContainerEntityManagerFactoryBean : Initialized JPA EntityManagerFactory for persistence unit 'default'
2026-06-05T11:44:19.179+05:00  WARN 35512 --- [welfare-service] [           main] .s.s.UserDetailsServiceAutoConfiguration : 

Using generated security password: 37c28464-e88e-4230-b990-6ca4ab6ef827

This generated password is for development use only. Your security configuration must be updated before running your application in production.

2026-06-05T11:44:19.196+05:00  INFO 35512 --- [welfare-service] [           main] r$InitializeUserDetailsManagerConfigurer : Global AuthenticationManager configured with UserDetailsService bean with name inMemoryUserDetailsManager
2026-06-05T11:44:21.420+05:00  INFO 35512 --- [welfare-service] [           main] o.s.cloud.commons.util.InetUtils         : Cannot determine local hostname
2026-06-05T11:44:22.454+05:00  INFO 35512 --- [welfare-service] [           main] o.s.b.a.e.web.EndpointLinksResolver      : Exposing 3 endpoints beneath base path '/actuator'
2026-06-05T11:44:24.112+05:00  INFO 35512 --- [welfare-service] [           main] DiscoveryClientOptionalArgsConfiguration : Eureka HTTP Client uses RestTemplate.
2026-06-05T11:44:24.253+05:00  WARN 35512 --- [welfare-service] [           main] iguration$LoadBalancerCaffeineWarnLogger : Spring Cloud LoadBalancer is currently working with the default cache. While this cache implementation is useful for development and tests, it's recommended to use Caffeine cache in production.You can switch to using Caffeine cache, by adding it and org.springframework.cache.caffeine.CaffeineCacheManager to the classpath.
2026-06-05T11:44:24.582+05:00  INFO 35512 --- [welfare-service] [           main] o.s.c.n.eureka.InstanceInfoFactory       : Setting initial instance status as: STARTING
2026-06-05T11:44:24.714+05:00  INFO 35512 --- [welfare-service] [           main] com.netflix.discovery.DiscoveryClient    : Initializing Eureka in region us-east-1
2026-06-05T11:44:24.726+05:00  INFO 35512 --- [welfare-service] [           main] c.n.d.s.r.aws.ConfigClusterResolver      : Resolving eureka endpoints via configuration
2026-06-05T11:44:24.769+05:00  INFO 35512 --- [welfare-service] [           main] com.netflix.discovery.DiscoveryClient    : Disable delta property : false
2026-06-05T11:44:24.770+05:00  INFO 35512 --- [welfare-service] [           main] com.netflix.discovery.DiscoveryClient    : Single vip registry refresh property : null
2026-06-05T11:44:24.771+05:00  INFO 35512 --- [welfare-service] [           main] com.netflix.discovery.DiscoveryClient    : Force full registry fetch : false
2026-06-05T11:44:24.771+05:00  INFO 35512 --- [welfare-service] [           main] com.netflix.discovery.DiscoveryClient    : Application is null : false
2026-06-05T11:44:24.772+05:00  INFO 35512 --- [welfare-service] [           main] com.netflix.discovery.DiscoveryClient    : Registered Applications size is zero : true
2026-06-05T11:44:24.772+05:00  INFO 35512 --- [welfare-service] [           main] com.netflix.discovery.DiscoveryClient    : Application version is -1: true
2026-06-05T11:44:24.773+05:00  INFO 35512 --- [welfare-service] [           main] com.netflix.discovery.DiscoveryClient    : Getting all instance registry info from the eureka server
2026-06-05T11:44:26.535+05:00  INFO 35512 --- [welfare-service] [           main] com.netflix.discovery.DiscoveryClient    : The response status is 200
2026-06-05T11:44:26.547+05:00  INFO 35512 --- [welfare-service] [           main] com.netflix.discovery.DiscoveryClient    : Starting heartbeat executor: renew interval is: 30
2026-06-05T11:44:26.552+05:00  INFO 35512 --- [welfare-service] [           main] c.n.discovery.InstanceInfoReplicator     : InstanceInfoReplicator onDemand update allowed rate per min is 4
2026-06-05T11:44:26.557+05:00  INFO 35512 --- [welfare-service] [           main] com.netflix.discovery.DiscoveryClient    : Discovery Client initialized at timestamp 1780641866555 with initial instances count: 4
2026-06-05T11:44:26.567+05:00  INFO 35512 --- [welfare-service] [           main] o.s.c.n.e.s.EurekaServiceRegistry        : Registering application WELFARE-SERVICE with eureka with status UP
2026-06-05T11:44:26.569+05:00  INFO 35512 --- [welfare-service] [           main] com.netflix.discovery.DiscoveryClient    : Saw local status change event StatusChangeEvent [timestamp=1780641866569, current=UP, previous=STARTING]
2026-06-05T11:44:29.026+05:00  INFO 35512 --- [welfare-service] [foReplicator-%d] com.netflix.discovery.DiscoveryClient    : DiscoveryClient_WELFARE-SERVICE/localhost:welfare-service:8085: registering service...
2026-06-05T11:44:30.151+05:00  INFO 35512 --- [welfare-service] [           main] o.s.b.w.embedded.tomcat.TomcatWebServer  : Tomcat started on port 8085 (http) with context path '/'
2026-06-05T11:44:30.157+05:00  INFO 35512 --- [welfare-service] [           main] .s.c.n.e.s.EurekaAutoServiceRegistration : Updating port to 8085
2026-06-05T11:44:30.310+05:00  INFO 35512 --- [welfare-service] [           main] c.m.welfare.WelfareServiceApplication    : Started WelfareServiceApplication in 51.537 seconds (process running for 53.487)
2026-06-05T11:44:30.493+05:00  INFO 35512 --- [welfare-service] [foReplicator-%d] com.netflix.discovery.DiscoveryClient    : DiscoveryClient_WELFARE-SERVICE/localhost:welfare-service:8085 - registration status: 204
2026-06-05T11:49:24.778+05:00  INFO 35512 --- [welfare-service] [rap-executor-%d] c.n.d.s.r.aws.ConfigClusterResolver      : Resolving eureka endpoints via configuration
2026-06-05T11:54:24.780+05:00  INFO 35512 --- [welfare-service] [rap-executor-%d] c.n.d.s.r.aws.ConfigClusterResolver      : Resolving eureka endpoints via configuration
2026-06-05T11:59:24.782+05:00  INFO 35512 --- [welfare-service] [rap-executor-%d] c.n.d.s.r.aws.ConfigClusterResolver      : Resolving eureka endpoints via configuration
2026-06-05T12:04:24.785+05:00  INFO 35512 --- [welfare-service] [rap-executor-%d] c.n.d.s.r.aws.ConfigClusterResolver      : Resolving eureka endpoints via configuration
2026-06-05T12:09:24.790+05:00  INFO 35512 --- [welfare-service] [rap-executor-%d] c.n.d.s.r.aws.ConfigClusterResolver      : Resolving eureka endpoints via configuration
2026-06-05T12:14:24.825+05:00  INFO 35512 --- [welfare-service] [rap-executor-%d] c.n.d.s.r.aws.ConfigClusterResolver      : Resolving eureka endpoints via configuration
2026-06-05T12:19:24.828+05:00  INFO 35512 --- [welfare-service] [rap-executor-%d] c.n.d.s.r.aws.ConfigClusterResolver      : Resolving eureka endpoints via configuration
2026-06-05T12:24:24.831+05:00  INFO 35512 --- [welfare-service] [rap-executor-%d] c.n.d.s.r.aws.ConfigClusterResolver      : Resolving eureka endpoints via configuration
2026-06-05T12:29:24.835+05:00  INFO 35512 --- [welfare-service] [rap-executor-%d] c.n.d.s.r.aws.ConfigClusterResolver      : Resolving eureka endpoints via configuration
2026-06-05T13:00:15.248+05:00  WARN 35512 --- [welfare-service] [l-1:housekeeper] com.zaxxer.hikari.pool.HikariPool        : HikariPool-1 - Thread starvation or clock leap detected (housekeeper delta=26m31s904ms924µs100ns).
2026-06-05T13:00:45.404+05:00  INFO 35512 --- [welfare-service] [rap-executor-%d] c.n.d.s.r.aws.ConfigClusterResolver      : Resolving eureka endpoints via configuration
2026-06-05T13:05:45.411+05:00  INFO 35512 --- [welfare-service] [rap-executor-%d] c.n.d.s.r.aws.ConfigClusterResolver      : Resolving eureka endpoints via configuration
